#
# There is insufficient memory for the Java Runtime Environment to continue.
# Native memory allocation (mmap) failed to map 1048576 bytes. Error detail: G1 virtual space
# Possible reasons:
#   The system is out of physical RAM or swap space
#   This process is running with CompressedOops enabled, and the Java Heap may be blocking the growth of the native heap
# Possible solutions:
#   Reduce memory load on the system
#   Increase physical memory or swap space
#   Check if swap backing store is full
#   Decrease Java heap size (-Xmx/-Xms)
#   Decrease number of Java threads
#   Decrease Java thread stack sizes (-Xss)
#   Set larger code cache with -XX:ReservedCodeCacheSize=
#   JVM is running with Unscaled Compressed Oops mode in which the Java heap is
#     placed in the first 4GB address space. The Java Heap base address is the
#     maximum limit for the native heap growth. Please use -XX:HeapBaseMinAddress
#     to set the Java Heap base and to place the Java Heap above 4GB virtual address.
# This output file may be truncated or incomplete.
#
#  Out of Memory Error (os_windows.cpp:3616), pid=25716, tid=18144
#
# JRE version: OpenJDK Runtime Environment Corretto-21.0.5.11.1 (21.0.5+11) (build 21.0.5+11-LTS)
# Java VM: OpenJDK 64-Bit Server VM Corretto-21.0.5.11.1 (21.0.5+11-LTS, mixed mode, emulated-client, sharing, tiered, compressed oops, compressed class ptrs, g1 gc, windows-amd64)
# No core dump will be written. Minidumps are not enabled by default on client versions of Windows
#

---------------  S U M M A R Y ------------

Command Line: -XX:TieredStopAtLevel=1 -Dspring.output.ansi.enabled=always -Dcom.sun.management.jmxremote -Dspring.jmx.enabled=true -Dspring.liveBeansView.mbeanDomain -Dspring.application.admin.enabled=true -Dmanagement.endpoints.jmx.exposure.include=* -javaagent:C:\Program Files\JetBrains\IntelliJ IDEA 2024.1.3\lib\idea_rt.jar=53718:C:\Program Files\JetBrains\IntelliJ IDEA 2024.1.3\bin -Dfile.encoding=UTF-8 -Dsun.stdout.encoding=UTF-8 -Dsun.stderr.encoding=UTF-8 edu.cfd.e_learningPlatform.ELearningPlatformApplication

Host: 11th Gen Intel(R) Core(TM) i5-1135G7 @ 2.40GHz, 8 cores, 7G,  Windows 11 , 64 bit Build 22621 (10.0.22621.4974)
Time: Sat Mar 15 12:23:45 2025 SE Asia Standard Time elapsed time: 7.549360 seconds (0d 0h 0m 7s)

---------------  T H R E A D  ---------------

Current thread (0x0000017877b9a480):  WorkerThread "GC Thread#3"    [id=18144, stack(0x0000001d3e600000,0x0000001d3e700000) (1024K)]

Stack: [0x0000001d3e600000,0x0000001d3e700000]
Native frames: (J=compiled Java code, j=interpreted, Vv=VM code, C=native code)
V  [jvm.dll+0x6d9b69]
V  [jvm.dll+0x8b6073]
V  [jvm.dll+0x8b83ce]
V  [jvm.dll+0x8b8ab3]
V  [jvm.dll+0x286226]
V  [jvm.dll+0x6d62e5]
V  [jvm.dll+0x6ca94a]
V  [jvm.dll+0x35f47b]
V  [jvm.dll+0x367046]
V  [jvm.dll+0x3b8fab]
V  [jvm.dll+0x3b9664]
V  [jvm.dll+0x3b972d]
V  [jvm.dll+0x33432c]
V  [jvm.dll+0x334088]
V  [jvm.dll+0x322cf6]
V  [jvm.dll+0x323b8a]
V  [jvm.dll+0x324027]
V  [jvm.dll+0x3239ee]
V  [jvm.dll+0x36130a]
V  [jvm.dll+0x361686]
V  [jvm.dll+0x36273a]
V  [jvm.dll+0x35ee8e]
V  [jvm.dll+0x36be4c]
V  [jvm.dll+0x36db19]
V  [jvm.dll+0x36c33a]
V  [jvm.dll+0x36d757]
V  [jvm.dll+0x377f73]
V  [jvm.dll+0x3780bb]
V  [jvm.dll+0x8e38a4]
V  [jvm.dll+0x85ed68]
V  [jvm.dll+0x6d836d]
C  [ucrtbase.dll+0x29333]
C  [KERNEL32.DLL+0x1259d]
C  [ntdll.dll+0x5af38]


---------------  P R O C E S S  ---------------

Threads class SMR info:
_java_thread_list=0x0000017878bc5290, length=17, elements={
0x0000017862482070, 0x0000017872e40630, 0x0000017872e41540, 0x0000017872e47990,
0x0000017872e4a030, 0x0000017872e4b5d0, 0x0000017872e4f910, 0x0000017872e52130,
0x0000017872e17b60, 0x000001787710cdd0, 0x0000017877a31b70, 0x0000017877a321d0,
0x0000017877aa5030, 0x000001787809ea90, 0x00000178784287c0, 0x00000178784ae6a0,
0x0000017878a25f10
}

Java Threads: ( => current thread )
  0x0000017862482070 JavaThread "main"                              [_thread_blocked, id=4424, stack(0x0000001d3d000000,0x0000001d3d100000) (1024K)]
  0x0000017872e40630 JavaThread "Reference Handler"          daemon [_thread_blocked, id=21440, stack(0x0000001d3d800000,0x0000001d3d900000) (1024K)]
  0x0000017872e41540 JavaThread "Finalizer"                  daemon [_thread_blocked, id=7320, stack(0x0000001d3d900000,0x0000001d3da00000) (1024K)]
  0x0000017872e47990 JavaThread "Signal Dispatcher"          daemon [_thread_blocked, id=25156, stack(0x0000001d3da00000,0x0000001d3db00000) (1024K)]
  0x0000017872e4a030 JavaThread "Attach Listener"            daemon [_thread_blocked, id=12124, stack(0x0000001d3db00000,0x0000001d3dc00000) (1024K)]
  0x0000017872e4b5d0 JavaThread "Service Thread"             daemon [_thread_blocked, id=16720, stack(0x0000001d3dc00000,0x0000001d3dd00000) (1024K)]
  0x0000017872e4f910 JavaThread "Monitor Deflation Thread"   daemon [_thread_blocked, id=26552, stack(0x0000001d3dd00000,0x0000001d3de00000) (1024K)]
  0x0000017872e52130 JavaThread "C1 CompilerThread0"         daemon [_thread_blocked, id=21152, stack(0x0000001d3de00000,0x0000001d3df00000) (1024K)]
  0x0000017872e17b60 JavaThread "Common-Cleaner"             daemon [_thread_blocked, id=24084, stack(0x0000001d3df00000,0x0000001d3e000000) (1024K)]
  0x000001787710cdd0 JavaThread "C1 CompilerThread1"         daemon [_thread_blocked, id=2748, stack(0x0000001d3e000000,0x0000001d3e100000) (1024K)]
  0x0000017877a31b70 JavaThread "Monitor Ctrl-Break"         daemon [_thread_in_native, id=22616, stack(0x0000001d3e100000,0x0000001d3e200000) (1024K)]
  0x0000017877a321d0 JavaThread "Notification Thread"        daemon [_thread_blocked, id=16568, stack(0x0000001d3e200000,0x0000001d3e300000) (1024K)]
  0x0000017877aa5030 JavaThread "C1 CompilerThread2"         daemon [_thread_blocked, id=21864, stack(0x0000001d3e300000,0x0000001d3e400000) (1024K)]
  0x000001787809ea90 JavaThread "RMI TCP Accept-0"           daemon [_thread_in_native, id=21268, stack(0x0000001d3eb00000,0x0000001d3ec00000) (1024K)]
  0x00000178784287c0 JavaThread "Thread-0"                          [_thread_blocked, id=17976, stack(0x0000001d3ec00000,0x0000001d3ed00000) (1024K)]
  0x00000178784ae6a0 JavaThread "restartedMain"                     [_thread_blocked, id=23268, stack(0x0000001d3ed00000,0x0000001d3ee00000) (1024K)]
  0x0000017878a25f10 JavaThread "C1 CompilerThread3"         daemon [_thread_blocked, id=15276, stack(0x0000001d3ef00000,0x0000001d3f000000) (1024K)]
Total: 17

Other Threads:
  0x0000017872e24960 VMThread "VM Thread"                           [id=5432, stack(0x0000001d3d700000,0x0000001d3d800000) (1024K)]
  0x0000017872e16c60 WatcherThread "VM Periodic Task Thread"        [id=6052, stack(0x0000001d3d600000,0x0000001d3d700000) (1024K)]
  0x00000178624d8ea0 WorkerThread "GC Thread#0"                     [id=8460, stack(0x0000001d3d100000,0x0000001d3d200000) (1024K)]
  0x0000017877b61870 WorkerThread "GC Thread#1"                     [id=4972, stack(0x0000001d3e400000,0x0000001d3e500000) (1024K)]
  0x0000017877b65c20 WorkerThread "GC Thread#2"                     [id=25336, stack(0x0000001d3e500000,0x0000001d3e600000) (1024K)]
=>0x0000017877b9a480 WorkerThread "GC Thread#3"                     [id=18144, stack(0x0000001d3e600000,0x0000001d3e700000) (1024K)]
  0x0000017877ba1430 WorkerThread "GC Thread#4"                     [id=12404, stack(0x0000001d3e700000,0x0000001d3e800000) (1024K)]
  0x0000017877ba17d0 WorkerThread "GC Thread#5"                     [id=25768, stack(0x0000001d3e800000,0x0000001d3e900000) (1024K)]
  0x0000017877ba1b70 WorkerThread "GC Thread#6"                     [id=18848, stack(0x0000001d3e900000,0x0000001d3ea00000) (1024K)]
  0x0000017877ba1f10 WorkerThread "GC Thread#7"                     [id=26000, stack(0x0000001d3ea00000,0x0000001d3eb00000) (1024K)]
  0x00000178624e98f0 ConcurrentGCThread "G1 Main Marker"            [id=3048, stack(0x0000001d3d200000,0x0000001d3d300000) (1024K)]
  0x00000178624eab90 WorkerThread "G1 Conc#0"                       [id=11488, stack(0x0000001d3d300000,0x0000001d3d400000) (1024K)]
  0x00000178785ea8a0 WorkerThread "G1 Conc#1"                       [id=16668, stack(0x0000001d3f000000,0x0000001d3f100000) (1024K)]
  0x000001786251eb10 ConcurrentGCThread "G1 Refine#0"               [id=17340, stack(0x0000001d3d400000,0x0000001d3d500000) (1024K)]
  0x0000017872cea1a0 ConcurrentGCThread "G1 Service"                [id=25340, stack(0x0000001d3d500000,0x0000001d3d600000) (1024K)]
Total: 15

Threads with active compile tasks:
Total: 0

VM state: at safepoint (normal execution)

VM Mutex/Monitor currently owned by a thread:  ([mutex/lock_event])
[0x00007ffcd29e9da0] FreeList_lock - owner thread: 0x0000017877b9a480
[0x00007ffcd29ec320] Threads_lock - owner thread: 0x0000017872e24960
[0x00007ffcd29ec420] Heap_lock - owner thread: 0x00000178784ae6a0

Heap address: 0x0000000083a00000, size: 1990 MB, Compressed Oops mode: 32-bit

CDS archive(s) mapped at: [0x0000017800000000-0x0000017800c80000-0x0000017800c80000), size 13107200, SharedBaseAddress: 0x0000017800000000, ArchiveRelocationMode: 1.
Compressed class space mapped at: 0x0000017801000000-0x0000017841000000, reserved size: 1073741824
Narrow klass base: 0x0000017800000000, Narrow klass shift: 0, Narrow klass range: 0x100000000

GC Precious Log:
 CardTable entry size: 512
 Card Set container configuration: InlinePtr #cards 5 size 8 Array Of Cards #cards 12 size 40 Howl #buckets 4 coarsen threshold 1843 Howl Bitmap #cards 512 size 80 coarsen threshold 460 Card regions per heap region 1 cards per card region 2048
 CPUs: 8 total, 8 available
 Memory: 7957M
 Large Page Support: Disabled
 NUMA Support: Disabled
 Compressed Oops: Enabled (32-bit)
 Heap Region Size: 1M
 Heap Min Capacity: 8M
 Heap Initial Capacity: 126M
 Heap Max Capacity: 1990M
 Pre-touch: Disabled
 Parallel Workers: 8
 Concurrent Workers: 2
 Concurrent Refinement Workers: 8
 Periodic GC: Disabled

Heap:
 garbage-first heap   total 61440K, used 58242K [0x0000000083a00000, 0x0000000100000000)
  region size 1024K, 23 young (23552K), 1 survivors (1024K)
 Metaspace       used 34057K, committed 34624K, reserved 1114112K
  class space    used 4624K, committed 4864K, reserved 1048576K

Heap Regions: E=young(eden), S=young(survivor), O=old, HS=humongous(starts), HC=humongous(continues), CS=collection set, F=free, TAMS=top-at-mark-start, PB=parsable bottom
|   0|0x0000000083a00000, 0x0000000083b00000, 0x0000000083b00000|100%|HS|  |TAMS 0x0000000083a00000| PB 0x0000000083a00000| Complete 
|   1|0x0000000083b00000, 0x0000000083c00000, 0x0000000083c00000|100%|HS|  |TAMS 0x0000000083b00000| PB 0x0000000083b00000| Complete 
|   2|0x0000000083c00000, 0x0000000083d00000, 0x0000000083d00000|100%| O|  |TAMS 0x0000000083c00000| PB 0x0000000083c00000| Untracked 
|   3|0x0000000083d00000, 0x0000000083e00000, 0x0000000083e00000|100%| O|  |TAMS 0x0000000083d00000| PB 0x0000000083d00000| Untracked 
|   4|0x0000000083e00000, 0x0000000083f00000, 0x0000000083f00000|100%| O|  |TAMS 0x0000000083e00000| PB 0x0000000083e00000| Untracked 
|   5|0x0000000083f00000, 0x0000000084000000, 0x0000000084000000|100%| O|  |TAMS 0x0000000083f00000| PB 0x0000000083f00000| Untracked 
|   6|0x0000000084000000, 0x0000000084100000, 0x0000000084100000|100%| O|  |TAMS 0x0000000084000000| PB 0x0000000084000000| Untracked 
|   7|0x0000000084100000, 0x0000000084200000, 0x0000000084200000|100%| O|  |TAMS 0x0000000084100000| PB 0x0000000084100000| Untracked 
|   8|0x0000000084200000, 0x0000000084300000, 0x0000000084300000|100%| O|  |TAMS 0x0000000084200000| PB 0x0000000084200000| Untracked 
|   9|0x0000000084300000, 0x0000000084400000, 0x0000000084400000|100%| O|  |TAMS 0x0000000084300000| PB 0x0000000084300000| Untracked 
|  10|0x0000000084400000, 0x0000000084500000, 0x0000000084500000|100%| O|  |TAMS 0x0000000084400000| PB 0x0000000084400000| Untracked 
|  11|0x0000000084500000, 0x0000000084600000, 0x0000000084600000|100%| O|  |TAMS 0x0000000084500000| PB 0x0000000084500000| Untracked 
|  12|0x0000000084600000, 0x0000000084700000, 0x0000000084700000|100%| O|  |TAMS 0x0000000084600000| PB 0x0000000084600000| Untracked 
|  13|0x0000000084700000, 0x0000000084800000, 0x0000000084800000|100%| O|  |TAMS 0x0000000084700000| PB 0x0000000084700000| Untracked 
|  14|0x0000000084800000, 0x0000000084900000, 0x0000000084900000|100%| O|  |TAMS 0x0000000084800000| PB 0x0000000084800000| Untracked 
|  15|0x0000000084900000, 0x0000000084a00000, 0x0000000084a00000|100%| O|  |TAMS 0x0000000084900000| PB 0x0000000084900000| Untracked 
|  16|0x0000000084a00000, 0x0000000084b00000, 0x0000000084b00000|100%| O|  |TAMS 0x0000000084a00000| PB 0x0000000084a00000| Untracked 
|  17|0x0000000084b00000, 0x0000000084c00000, 0x0000000084c00000|100%| O|  |TAMS 0x0000000084b00000| PB 0x0000000084b00000| Untracked 
|  18|0x0000000084c00000, 0x0000000084d00000, 0x0000000084d00000|100%| O|  |TAMS 0x0000000084c00000| PB 0x0000000084c00000| Untracked 
|  19|0x0000000084d00000, 0x0000000084e00000, 0x0000000084e00000|100%| O|  |TAMS 0x0000000084d00000| PB 0x0000000084d00000| Untracked 
|  20|0x0000000084e00000, 0x0000000084f00000, 0x0000000084f00000|100%| O|CS|TAMS 0x0000000084e00000| PB 0x0000000084e00000| Complete 
|  21|0x0000000084f00000, 0x0000000085000000, 0x0000000085000000|100%| O|  |TAMS 0x0000000084f00000| PB 0x0000000084f00000| Untracked 
|  22|0x0000000085000000, 0x0000000085100000, 0x0000000085100000|100%| O|  |TAMS 0x0000000085000000| PB 0x0000000085000000| Untracked 
|  23|0x0000000085100000, 0x0000000085200000, 0x0000000085200000|100%| O|  |TAMS 0x0000000085100000| PB 0x0000000085100000| Untracked 
|  24|0x0000000085200000, 0x0000000085300000, 0x0000000085300000|100%| O|  |TAMS 0x0000000085200000| PB 0x0000000085200000| Untracked 
|  25|0x0000000085300000, 0x0000000085400000, 0x0000000085400000|100%| O|  |TAMS 0x0000000085300000| PB 0x0000000085300000| Untracked 
|  26|0x0000000085400000, 0x0000000085500000, 0x0000000085500000|100%|HS|  |TAMS 0x0000000085400000| PB 0x0000000085400000| Complete 
|  27|0x0000000085500000, 0x0000000085600000, 0x0000000085600000|100%|HS|  |TAMS 0x0000000085500000| PB 0x0000000085500000| Complete 
|  28|0x0000000085600000, 0x0000000085700000, 0x0000000085700000|100%|HS|  |TAMS 0x0000000085600000| PB 0x0000000085600000| Complete 
|  29|0x0000000085700000, 0x0000000085800000, 0x0000000085800000|100%| E|CS|TAMS 0x0000000085700000| PB 0x0000000085700000| Complete 
|  30|0x0000000085800000, 0x0000000085900000, 0x0000000085900000|100%| E|CS|TAMS 0x0000000085800000| PB 0x0000000085800000| Complete 
|  31|0x0000000085900000, 0x0000000085a00000, 0x0000000085a00000|100%| E|CS|TAMS 0x0000000085900000| PB 0x0000000085900000| Complete 
|  32|0x0000000085a00000, 0x0000000085b00000, 0x0000000085b00000|100%| E|CS|TAMS 0x0000000085a00000| PB 0x0000000085a00000| Complete 
|  33|0x0000000085b00000, 0x0000000085c00000, 0x0000000085c00000|100%|HS|  |TAMS 0x0000000085b00000| PB 0x0000000085b00000| Complete 
|  34|0x0000000085c00000, 0x0000000085d00000, 0x0000000085d00000|100%|HS|  |TAMS 0x0000000085c00000| PB 0x0000000085c00000| Complete 
|  35|0x0000000085d00000, 0x0000000085e00000, 0x0000000085e00000|100%| O|  |TAMS 0x0000000085d00000| PB 0x0000000085d00000| Untracked 
|  36|0x0000000085e00000, 0x0000000085f00000, 0x0000000085f00000|100%| O|  |TAMS 0x0000000085e00000| PB 0x0000000085e00000| Untracked 
|  37|0x0000000085f00000, 0x0000000085fcc0a0, 0x0000000086000000| 79%| S|  |TAMS 0x0000000085f00000| PB 0x0000000085f00000| Complete 
|  38|0x0000000086000000, 0x0000000086100000, 0x0000000086100000|100%| E|CS|TAMS 0x0000000086000000| PB 0x0000000086000000| Complete 
|  39|0x0000000086100000, 0x0000000086200000, 0x0000000086200000|100%| E|CS|TAMS 0x0000000086100000| PB 0x0000000086100000| Complete 
|  40|0x0000000086200000, 0x0000000086300000, 0x0000000086300000|100%| E|CS|TAMS 0x0000000086200000| PB 0x0000000086200000| Complete 
|  41|0x0000000086300000, 0x0000000086400000, 0x0000000086400000|100%| E|CS|TAMS 0x0000000086300000| PB 0x0000000086300000| Complete 
|  42|0x0000000086400000, 0x0000000086500000, 0x0000000086500000|100%| E|CS|TAMS 0x0000000086400000| PB 0x0000000086400000| Complete 
|  43|0x0000000086500000, 0x0000000086600000, 0x0000000086600000|100%| E|CS|TAMS 0x0000000086500000| PB 0x0000000086500000| Complete 
|  44|0x0000000086600000, 0x0000000086700000, 0x0000000086700000|100%| E|CS|TAMS 0x0000000086600000| PB 0x0000000086600000| Complete 
|  45|0x0000000086700000, 0x0000000086800000, 0x0000000086800000|100%| E|CS|TAMS 0x0000000086700000| PB 0x0000000086700000| Complete 
|  46|0x0000000086800000, 0x0000000086900000, 0x0000000086900000|100%| E|CS|TAMS 0x0000000086800000| PB 0x0000000086800000| Complete 
|  47|0x0000000086900000, 0x0000000086a00000, 0x0000000086a00000|100%| E|CS|TAMS 0x0000000086900000| PB 0x0000000086900000| Complete 
|  48|0x0000000086a00000, 0x0000000086b00000, 0x0000000086b00000|100%| E|CS|TAMS 0x0000000086a00000| PB 0x0000000086a00000| Complete 
|  49|0x0000000086b00000, 0x0000000086c00000, 0x0000000086c00000|100%| E|CS|TAMS 0x0000000086b00000| PB 0x0000000086b00000| Complete 
|  50|0x0000000086c00000, 0x0000000086d00000, 0x0000000086d00000|100%| E|CS|TAMS 0x0000000086c00000| PB 0x0000000086c00000| Complete 
|  51|0x0000000086d00000, 0x0000000086e00000, 0x0000000086e00000|100%| E|CS|TAMS 0x0000000086d00000| PB 0x0000000086d00000| Complete 
|  52|0x0000000086e00000, 0x0000000086f00000, 0x0000000086f00000|100%| E|CS|TAMS 0x0000000086e00000| PB 0x0000000086e00000| Complete 
| 110|0x000000008a800000, 0x000000008a900000, 0x000000008a900000|100%| E|CS|TAMS 0x000000008a800000| PB 0x000000008a800000| Complete 
| 111|0x000000008a900000, 0x000000008aa00000, 0x000000008aa00000|100%| E|CS|TAMS 0x000000008a900000| PB 0x000000008a900000| Complete 
| 112|0x000000008aa00000, 0x000000008ab00000, 0x000000008ab00000|100%| E|CS|TAMS 0x000000008aa00000| PB 0x000000008aa00000| Complete 
| 113|0x000000008ab00000, 0x000000008ac00000, 0x000000008ac00000|100%| E|CS|TAMS 0x000000008ab00000| PB 0x000000008ab00000| Complete 
| 114|0x000000008ac00000, 0x000000008ad00000, 0x000000008ad00000|100%| E|CS|TAMS 0x000000008ac00000| PB 0x000000008ac00000| Complete 
| 124|0x000000008b600000, 0x000000008b700000, 0x000000008b700000|100%| E|CS|TAMS 0x000000008b600000| PB 0x000000008b600000| Complete 
| 125|0x000000008b700000, 0x000000008b800000, 0x000000008b800000|100%| E|CS|TAMS 0x000000008b700000| PB 0x000000008b700000| Complete 

Card table byte_map: [0x000001786e040000,0x000001786e430000] _byte_map_base: 0x000001786dc23000

Marking Bits: (CMBitMap*) 0x00000178624d95a0
 Bits: [0x000001786e430000, 0x0000017870348000)

Polling page: 0x0000017860410000

Metaspace:

Usage:
  Non-class:     28.74 MB used.
      Class:      4.52 MB used.
       Both:     33.26 MB used.

Virtual space:
  Non-class space:       64.00 MB reserved,      29.06 MB ( 45%) committed,  1 nodes.
      Class space:        1.00 GB reserved,       4.75 MB ( <1%) committed,  1 nodes.
             Both:        1.06 GB reserved,      33.81 MB (  3%) committed. 

Chunk freelists:
   Non-Class:  2.94 MB
       Class:  11.09 MB
        Both:  14.03 MB

MaxMetaspaceSize: unlimited
CompressedClassSpaceSize: 1.00 GB
Initial GC threshold: 21.00 MB
Current GC threshold: 50.94 MB
CDS: on
 - commit_granule_bytes: 65536.
 - commit_granule_words: 8192.
 - virtual_space_node_default_size: 8388608.
 - enlarge_chunks_in_place: 1.
 - use_allocation_guard: 0.


Internal statistics:

num_allocs_failed_limit: 3.
num_arena_births: 600.
num_arena_deaths: 0.
num_vsnodes_births: 2.
num_vsnodes_deaths: 0.
num_space_committed: 541.
num_space_uncommitted: 0.
num_chunks_returned_to_freelist: 3.
num_chunks_taken_from_freelist: 1675.
num_chunk_merges: 3.
num_chunk_splits: 1206.
num_chunks_enlarged: 919.
num_inconsistent_stats: 0.

CodeCache: size=49152Kb used=10745Kb max_used=10745Kb free=38406Kb
 bounds [0x000001786ab40000, 0x000001786b5c0000, 0x000001786db40000]
 total_blobs=5355 nmethods=4805 adapters=471
 compilation: enabled
              stopped_count=0, restarted_count=0
 full_count=0

Compilation events (20 events):
Event: 7.463 Thread 0x0000017878a25f10 nmethod 4842 0x000001786b5baa90 code [0x000001786b5bac40, 0x000001786b5bae20]
Event: 7.463 Thread 0x000001787710cdd0 nmethod 4845 0x000001786b5baf10 code [0x000001786b5bb0a0, 0x000001786b5bb168]
Event: 7.463 Thread 0x0000017877aa5030 nmethod 4843 0x000001786b5bb210 code [0x000001786b5bb3c0, 0x000001786b5bb560]
Event: 7.463 Thread 0x0000017872e52130 nmethod 4844 0x000001786b5bb610 code [0x000001786b5bb7a0, 0x000001786b5bb878]
Event: 7.488 Thread 0x0000017877aa5030 4846       1       sun.security.util.DerOutputStream::<init> (5 bytes)
Event: 7.488 Thread 0x0000017877aa5030 nmethod 4846 0x000001786b5bb910 code [0x000001786b5bbac0, 0x000001786b5bbba8]
Event: 7.494 Thread 0x0000017872e52130 4847       1       java.util.Arrays::copyOfRange (25 bytes)
Event: 7.494 Thread 0x0000017872e52130 nmethod 4847 0x000001786b5bbc10 code [0x000001786b5bbe40, 0x000001786b5bc368]
Event: 7.495 Thread 0x0000017872e52130 4848       1       sun.security.util.KnownOIDs::stdName (5 bytes)
Event: 7.495 Thread 0x0000017872e52130 nmethod 4848 0x000001786b5bc610 code [0x000001786b5bc7a0, 0x000001786b5bc868]
Event: 7.502 Thread 0x0000017872e52130 4849       1       java.math.SignedMutableBigInteger::signedSubtract (34 bytes)
Event: 7.502 Thread 0x0000017877aa5030 4850       1       java.math.SignedMutableBigInteger::signedAdd (34 bytes)
Event: 7.503 Thread 0x0000017877aa5030 nmethod 4850 0x000001786b5bc910 code [0x000001786b5bcac0, 0x000001786b5bcc20]
Event: 7.503 Thread 0x0000017872e52130 nmethod 4849 0x000001786b5bcd10 code [0x000001786b5bcec0, 0x000001786b5bd020]
Event: 7.515 Thread 0x0000017877aa5030 4851       1       java.util.regex.Pattern$SliceI::match (96 bytes)
Event: 7.515 Thread 0x0000017877aa5030 nmethod 4851 0x000001786b5bd110 code [0x000001786b5bd2e0, 0x000001786b5bd560]
Event: 7.533 Thread 0x0000017872e52130 4852       1       java.lang.CompoundEnumeration::hasMoreElements (5 bytes)
Event: 7.533 Thread 0x0000017872e52130 nmethod 4852 0x000001786b5bd690 code [0x000001786b5bd840, 0x000001786b5bd920]
Event: 7.538 Thread 0x0000017878a25f10 4853   !   1       java.nio.charset.CharsetDecoder::decode (275 bytes)
Event: 7.539 Thread 0x0000017878a25f10 nmethod 4853 0x000001786b5bd990 code [0x000001786b5bdbe0, 0x000001786b5be208]

GC Heap History (20 events):
Event: 2.123 GC heap after
{Heap after GC invocations=1 (full 0):
 garbage-first heap   total 129024K, used 13019K [0x0000000083a00000, 0x0000000100000000)
  region size 1024K, 3 young (3072K), 3 survivors (3072K)
 Metaspace       used 4188K, committed 4288K, reserved 1114112K
  class space    used 478K, committed 512K, reserved 1048576K
}
Event: 2.656 GC heap before
{Heap before GC invocations=1 (full 0):
 garbage-first heap   total 129024K, used 35547K [0x0000000083a00000, 0x0000000100000000)
  region size 1024K, 24 young (24576K), 3 survivors (3072K)
 Metaspace       used 7876K, committed 8128K, reserved 1114112K
  class space    used 948K, committed 1024K, reserved 1048576K
}
Event: 2.661 GC heap after
{Heap after GC invocations=2 (full 0):
 garbage-first heap   total 129024K, used 14193K [0x0000000083a00000, 0x0000000100000000)
  region size 1024K, 2 young (2048K), 2 survivors (2048K)
 Metaspace       used 7876K, committed 8128K, reserved 1114112K
  class space    used 948K, committed 1024K, reserved 1048576K
}
Event: 5.133 GC heap before
{Heap before GC invocations=2 (full 0):
 garbage-first heap   total 129024K, used 57201K [0x0000000083a00000, 0x0000000100000000)
  region size 1024K, 45 young (46080K), 2 survivors (2048K)
 Metaspace       used 16503K, committed 16832K, reserved 1114112K
  class space    used 2272K, committed 2432K, reserved 1048576K
}
Event: 5.137 GC heap after
{Heap after GC invocations=3 (full 0):
 garbage-first heap   total 129024K, used 17165K [0x0000000083a00000, 0x0000000100000000)
  region size 1024K, 5 young (5120K), 5 survivors (5120K)
 Metaspace       used 16503K, committed 16832K, reserved 1114112K
  class space    used 2272K, committed 2432K, reserved 1048576K
}
Event: 5.258 GC heap before
{Heap before GC invocations=3 (full 0):
 garbage-first heap   total 129024K, used 27405K [0x0000000083a00000, 0x0000000100000000)
  region size 1024K, 16 young (16384K), 5 survivors (5120K)
 Metaspace       used 18403K, committed 18688K, reserved 1114112K
  class space    used 2456K, committed 2560K, reserved 1048576K
}
Event: 5.261 GC heap after
{Heap after GC invocations=4 (full 0):
 garbage-first heap   total 129024K, used 17996K [0x0000000083a00000, 0x0000000100000000)
  region size 1024K, 5 young (5120K), 5 survivors (5120K)
 Metaspace       used 18403K, committed 18688K, reserved 1114112K
  class space    used 2456K, committed 2560K, reserved 1048576K
}
Event: 5.609 GC heap before
{Heap before GC invocations=5 (full 0):
 garbage-first heap   total 61440K, used 49740K [0x0000000083a00000, 0x0000000100000000)
  region size 1024K, 36 young (36864K), 5 survivors (5120K)
 Metaspace       used 22230K, committed 22656K, reserved 1114112K
  class space    used 2954K, committed 3136K, reserved 1048576K
}
Event: 5.613 GC heap after
{Heap after GC invocations=6 (full 0):
 garbage-first heap   total 61440K, used 21081K [0x0000000083a00000, 0x0000000100000000)
  region size 1024K, 4 young (4096K), 4 survivors (4096K)
 Metaspace       used 22230K, committed 22656K, reserved 1114112K
  class space    used 2954K, committed 3136K, reserved 1048576K
}
Event: 5.967 GC heap before
{Heap before GC invocations=6 (full 0):
 garbage-first heap   total 61440K, used 46681K [0x0000000083a00000, 0x0000000100000000)
  region size 1024K, 29 young (29696K), 4 survivors (4096K)
 Metaspace       used 23668K, committed 24064K, reserved 1114112K
  class space    used 3177K, committed 3328K, reserved 1048576K
}
Event: 5.971 GC heap after
{Heap after GC invocations=7 (full 0):
 garbage-first heap   total 61440K, used 23242K [0x0000000083a00000, 0x0000000100000000)
  region size 1024K, 3 young (3072K), 3 survivors (3072K)
 Metaspace       used 23668K, committed 24064K, reserved 1114112K
  class space    used 3177K, committed 3328K, reserved 1048576K
}
Event: 6.337 GC heap before
{Heap before GC invocations=7 (full 0):
 garbage-first heap   total 61440K, used 46794K [0x0000000083a00000, 0x0000000100000000)
  region size 1024K, 27 young (27648K), 3 survivors (3072K)
 Metaspace       used 26666K, committed 27072K, reserved 1114112K
  class space    used 3578K, committed 3776K, reserved 1048576K
}
Event: 6.340 GC heap after
{Heap after GC invocations=8 (full 0):
 garbage-first heap   total 61440K, used 25184K [0x0000000083a00000, 0x0000000100000000)
  region size 1024K, 2 young (2048K), 2 survivors (2048K)
 Metaspace       used 26666K, committed 27072K, reserved 1114112K
  class space    used 3578K, committed 3776K, reserved 1048576K
}
Event: 6.703 GC heap before
{Heap before GC invocations=8 (full 0):
 garbage-first heap   total 61440K, used 50784K [0x0000000083a00000, 0x0000000100000000)
  region size 1024K, 27 young (27648K), 2 survivors (2048K)
 Metaspace       used 28873K, committed 29312K, reserved 1114112K
  class space    used 3900K, committed 4096K, reserved 1048576K
}
Event: 6.705 GC heap after
{Heap after GC invocations=9 (full 0):
 garbage-first heap   total 61440K, used 26781K [0x0000000083a00000, 0x0000000100000000)
  region size 1024K, 4 young (4096K), 4 survivors (4096K)
 Metaspace       used 28873K, committed 29312K, reserved 1114112K
  class space    used 3900K, committed 4096K, reserved 1048576K
}
Event: 6.989 GC heap before
{Heap before GC invocations=9 (full 0):
 garbage-first heap   total 61440K, used 40093K [0x0000000083a00000, 0x0000000100000000)
  region size 1024K, 18 young (18432K), 4 survivors (4096K)
 Metaspace       used 30677K, committed 31168K, reserved 1114112K
  class space    used 4200K, committed 4416K, reserved 1048576K
}
Event: 6.991 GC heap after
{Heap after GC invocations=10 (full 0):
 garbage-first heap   total 61440K, used 28190K [0x0000000083a00000, 0x0000000100000000)
  region size 1024K, 4 young (4096K), 4 survivors (4096K)
 Metaspace       used 30677K, committed 31168K, reserved 1114112K
  class space    used 4200K, committed 4416K, reserved 1048576K
}
Event: 7.440 GC heap before
{Heap before GC invocations=11 (full 0):
 garbage-first heap   total 61440K, used 50718K [0x0000000083a00000, 0x0000000100000000)
  region size 1024K, 27 young (27648K), 4 survivors (4096K)
 Metaspace       used 34057K, committed 34624K, reserved 1114112K
  class space    used 4624K, committed 4864K, reserved 1048576K
}
Event: 7.443 GC heap after
{Heap after GC invocations=12 (full 0):
 garbage-first heap   total 61440K, used 30594K [0x0000000083a00000, 0x0000000100000000)
  region size 1024K, 4 young (4096K), 4 survivors (4096K)
 Metaspace       used 34057K, committed 34624K, reserved 1114112K
  class space    used 4624K, committed 4864K, reserved 1048576K
}
Event: 7.546 GC heap before
{Heap before GC invocations=12 (full 0):
 garbage-first heap   total 61440K, used 57218K [0x0000000083a00000, 0x0000000100000000)
  region size 1024K, 26 young (26624K), 4 survivors (4096K)
 Metaspace       used 34057K, committed 34624K, reserved 1114112K
  class space    used 4624K, committed 4864K, reserved 1048576K
}

Dll operation events (12 events):
Event: 0.017 Loaded shared library C:\Users\XUAN TRUONG\.jdks\corretto-21.0.5\bin\java.dll
Event: 0.218 Loaded shared library C:\Users\XUAN TRUONG\.jdks\corretto-21.0.5\bin\zip.dll
Event: 0.222 Loaded shared library C:\Users\XUAN TRUONG\.jdks\corretto-21.0.5\bin\instrument.dll
Event: 0.228 Loaded shared library C:\Users\XUAN TRUONG\.jdks\corretto-21.0.5\bin\net.dll
Event: 0.230 Loaded shared library C:\Users\XUAN TRUONG\.jdks\corretto-21.0.5\bin\nio.dll
Event: 0.235 Loaded shared library C:\Users\XUAN TRUONG\.jdks\corretto-21.0.5\bin\zip.dll
Event: 1.793 Loaded shared library C:\Program Files\JetBrains\IntelliJ IDEA 2024.1.3\bin\breakgen64.dll
Event: 1.801 Loaded shared library C:\Users\XUAN TRUONG\.jdks\corretto-21.0.5\bin\jimage.dll
Event: 1.803 Loaded shared library C:\Users\XUAN TRUONG\.jdks\corretto-21.0.5\bin\extnet.dll
Event: 1.820 Loaded shared library C:\Users\XUAN TRUONG\.jdks\corretto-21.0.5\bin\management.dll
Event: 1.837 Loaded shared library C:\Users\XUAN TRUONG\.jdks\corretto-21.0.5\bin\management_ext.dll
Event: 5.448 Loaded shared library C:\Users\XUAN TRUONG\.jdks\corretto-21.0.5\bin\sunmscapi.dll

Deoptimization events (2 events):
Event: 6.014 Thread 0x00000178784ae6a0 DEOPT PACKING pc=0x000001786b0136e4 sp=0x0000001d3edfe440
Event: 6.014 Thread 0x00000178784ae6a0 DEOPT UNPACKING pc=0x000001786ab988e2 sp=0x0000001d3edfd908 mode 0

Classes loaded (20 events):
Event: 7.413 Loading class sun/security/util/JarConstraintsParameters
Event: 7.413 Loading class sun/security/util/ConstraintsParameters
Event: 7.414 Loading class sun/security/util/ConstraintsParameters done
Event: 7.414 Loading class sun/security/util/JarConstraintsParameters done
Event: 7.414 Loading class java/security/interfaces/ECKey
Event: 7.414 Loading class java/security/interfaces/ECKey done
Event: 7.414 Loading class java/security/interfaces/XECKey
Event: 7.414 Loading class java/security/interfaces/XECKey done
Event: 7.415 Loading class sun/security/util/KeyUtil
Event: 7.415 Loading class sun/security/util/KeyUtil done
Event: 7.415 Loading class sun/security/util/Length
Event: 7.415 Loading class sun/security/util/Length done
Event: 7.416 Loading class java/util/Base64
Event: 7.416 Loading class java/util/Base64 done
Event: 7.416 Loading class java/util/Base64$Decoder
Event: 7.416 Loading class java/util/Base64$Decoder done
Event: 7.417 Loading class java/util/Base64$Encoder
Event: 7.417 Loading class java/util/Base64$Encoder done
Event: 7.417 Loading class java/util/jar/JarVerifier$VerifierStream
Event: 7.417 Loading class java/util/jar/JarVerifier$VerifierStream done

Classes unloaded (0 events):
No events

Classes redefined (0 events):
No events

Internal exceptions (20 events):
Event: 6.758 Thread 0x00000178784ae6a0 Exception <a 'java/lang/NoClassDefFoundError'{0x000000008abeb530}: org/quartz/Scheduler> (0x000000008abeb530) 
thrown [s\src\hotspot\share\classfile\systemDictionary.cpp, line 301]
Event: 6.758 Thread 0x00000178784ae6a0 Exception <a 'java/lang/NoClassDefFoundError'{0x000000008abeee58}: org/springframework/session/jdbc/JdbcIndexedSessionRepository> (0x000000008abeee58) 
thrown [s\src\hotspot\share\classfile\systemDictionary.cpp, line 301]
Event: 6.803 Thread 0x00000178784ae6a0 Exception <a 'java/lang/NoSuchMethodError'{0x000000008a9b9050}: 'void java.lang.invoke.DirectMethodHandle$Holder.invokeSpecial(java.lang.Object, java.lang.Object, java.lang.Object, java.lang.Object, java.lang.Object, java.lang.Object)'> (0x000000008a9b9050) 
thrown [s\src\hotspot\share\interpreter\linkResolver.cpp, line 773]
Event: 6.807 Thread 0x00000178784ae6a0 Exception <a 'java/lang/NoSuchMethodError'{0x000000008a9f7b68}: 'void java.lang.invoke.DirectMethodHandle$Holder.invokeVirtual(java.lang.Object, java.lang.Object, int)'> (0x000000008a9f7b68) 
thrown [s\src\hotspot\share\interpreter\linkResolver.cpp, line 773]
Event: 6.808 Thread 0x00000178784ae6a0 Exception <a 'java/lang/NoSuchMethodError'{0x000000008a9fb8a8}: 'int java.lang.invoke.DirectMethodHandle$Holder.invokeSpecial(java.lang.Object, java.lang.Object, java.lang.Object, int)'> (0x000000008a9fb8a8) 
thrown [s\src\hotspot\share\interpreter\linkResolver.cpp, line 773]
Event: 6.809 Thread 0x00000178784ae6a0 Exception <a 'java/lang/NoSuchMethodError'{0x000000008a80d920}: 'java.lang.Object java.lang.invoke.DirectMethodHandle$Holder.invokeStatic(java.lang.Object, java.lang.Object, java.lang.Object, java.lang.Object, int)'> (0x000000008a80d920) 
thrown [s\src\hotspot\share\interpreter\linkResolver.cpp, line 773]
Event: 6.809 Thread 0x00000178784ae6a0 Exception <a 'java/lang/NoSuchMethodError'{0x000000008a818178}: 'void java.lang.invoke.DelegatingMethodHandle$Holder.reinvoke_L(java.lang.Object, java.lang.Object, int)'> (0x000000008a818178) 
thrown [s\src\hotspot\share\interpreter\linkResolver.cpp, line 773]
Event: 6.962 Thread 0x00000178784ae6a0 Exception <a 'java/lang/NoSuchMethodError'{0x0000000086987f88}: 'java.lang.Object java.lang.invoke.DirectMethodHandle$Holder.invokeVirtual(java.lang.Object, java.lang.Object, java.lang.Object, java.lang.Object, java.lang.Object)'> (0x0000000086987f88) 
thrown [s\src\hotspot\share\interpreter\linkResolver.cpp, line 773]
Event: 7.063 Thread 0x00000178784ae6a0 Exception <a 'java/lang/NoSuchMethodError'{0x000000008ab031e0}: 'java.lang.Object java.lang.invoke.DirectMethodHandle$Holder.invokeVirtual(java.lang.Object, java.lang.Object, java.lang.Object, java.lang.Object, java.lang.Object, java.lang.Object)'> (0x000000008ab031e0) 
thrown [s\src\hotspot\share\interpreter\linkResolver.cpp, line 773]
Event: 7.092 Thread 0x00000178784ae6a0 Exception <a 'java/lang/NoSuchMethodError'{0x000000008aac4738}: 'void java.lang.invoke.DirectMethodHandle$Holder.invokeInterface(java.lang.Object, java.lang.Object, int)'> (0x000000008aac4738) 
thrown [s\src\hotspot\share\interpreter\linkResolver.cpp, line 773]
Event: 7.094 Thread 0x00000178784ae6a0 Exception <a 'java/lang/IncompatibleClassChangeError'{0x000000008a907c60}: Found class java.lang.Object, but interface was expected> (0x000000008a907c60) 
thrown [s\src\hotspot\share\interpreter\linkResolver.cpp, line 840]
Event: 7.095 Thread 0x00000178784ae6a0 Exception <a 'java/lang/NoSuchMethodError'{0x000000008a91d1d8}: 'void java.lang.invoke.DirectMethodHandle$Holder.invokeStatic(java.lang.Object, int, java.lang.Object)'> (0x000000008a91d1d8) 
thrown [s\src\hotspot\share\interpreter\linkResolver.cpp, line 773]
Event: 7.098 Thread 0x00000178784ae6a0 Exception <a 'java/lang/NoSuchMethodError'{0x000000008a954478}: 'void java.lang.invoke.DirectMethodHandle$Holder.invokeStatic(java.lang.Object, java.lang.Object, java.lang.Object, int, java.lang.Object)'> (0x000000008a954478) 
thrown [s\src\hotspot\share\interpreter\linkResolver.cpp, line 773]
Event: 7.098 Thread 0x00000178784ae6a0 Exception <a 'java/lang/NoSuchMethodError'{0x000000008a95ae18}: 'java.lang.Object java.lang.invoke.DirectMethodHandle$Holder.newInvokeSpecial(java.lang.Object, java.lang.Object, java.lang.Object, int)'> (0x000000008a95ae18) 
thrown [s\src\hotspot\share\interpreter\linkResolver.cpp, line 773]
Event: 7.098 Thread 0x00000178784ae6a0 Exception <a 'java/lang/NoSuchMethodError'{0x000000008a95ed68}: 'java.lang.Object java.lang.invoke.DirectMethodHandle$Holder.invokeSpecial(java.lang.Object, java.lang.Object, java.lang.Object, java.lang.Object, int)'> (0x000000008a95ed68) 
thrown [s\src\hotspot\share\interpreter\linkResolver.cpp, line 773]
Event: 7.098 Thread 0x00000178784ae6a0 Exception <a 'java/lang/NoSuchMethodError'{0x000000008a962210}: 'java.lang.Object java.lang.invoke.Invokers$Holder.linkToTargetMethod(java.lang.Object, java.lang.Object, int, java.lang.Object)'> (0x000000008a962210) 
thrown [s\src\hotspot\share\interpreter\linkResolver.cpp, line 773]
Event: 7.175 Thread 0x00000178784ae6a0 Exception <a 'java/lang/NoSuchMethodError'{0x0000000086a01b90}: 'java.lang.Object java.lang.invoke.DirectMethodHandle$Holder.invokeStaticInit(java.lang.Object, int)'> (0x0000000086a01b90) 
thrown [s\src\hotspot\share\interpreter\linkResolver.cpp, line 773]
Event: 7.176 Thread 0x00000178784ae6a0 Exception <a 'java/lang/NoSuchMethodError'{0x0000000086a0bb90}: 'java.lang.Object java.lang.invoke.DirectMethodHandle$Holder.invokeStatic(java.lang.Object, int, java.lang.Object)'> (0x0000000086a0bb90) 
thrown [s\src\hotspot\share\interpreter\linkResolver.cpp, line 773]
Event: 7.177 Thread 0x00000178784ae6a0 Exception <a 'java/lang/NoSuchMethodError'{0x0000000086a0f220}: 'java.lang.Object java.lang.invoke.DirectMethodHandle$Holder.invokeStaticInit(java.lang.Object, int, java.lang.Object)'> (0x0000000086a0f220) 
thrown [s\src\hotspot\share\interpreter\linkResolver.cpp, line 773]
Event: 7.342 Thread 0x00000178784ae6a0 Exception <a 'java/lang/NoSuchMethodError'{0x0000000085e4b4b8}: 'int java.lang.invoke.DirectMethodHandle$Holder.invokeStatic(java.lang.Object, int, java.lang.Object)'> (0x0000000085e4b4b8) 
thrown [s\src\hotspot\share\interpreter\linkResolver.cpp, line 773]

ZGC Phase Switch (0 events):
No events

VM Operations (20 events):
Event: 6.705 Executing VM operation: G1CollectForAllocation (G1 Evacuation Pause) done
Event: 6.763 Executing VM operation: HandshakeAllThreads (Deoptimize)
Event: 6.763 Executing VM operation: HandshakeAllThreads (Deoptimize) done
Event: 6.822 Executing VM operation: HandshakeAllThreads (Deoptimize)
Event: 6.822 Executing VM operation: HandshakeAllThreads (Deoptimize) done
Event: 6.989 Executing VM operation: CollectForMetadataAllocation (Metadata GC Threshold)
Event: 6.992 Executing VM operation: CollectForMetadataAllocation (Metadata GC Threshold) done
Event: 7.006 Executing VM operation: G1PauseRemark
Event: 7.009 Executing VM operation: G1PauseRemark done
Event: 7.015 Executing VM operation: G1PauseCleanup
Event: 7.015 Executing VM operation: G1PauseCleanup done
Event: 7.265 Executing VM operation: HandshakeAllThreads (Deoptimize)
Event: 7.265 Executing VM operation: HandshakeAllThreads (Deoptimize) done
Event: 7.343 Executing VM operation: HandshakeAllThreads (Deoptimize)
Event: 7.343 Executing VM operation: HandshakeAllThreads (Deoptimize) done
Event: 7.384 Executing VM operation: HandshakeAllThreads (Deoptimize)
Event: 7.384 Executing VM operation: HandshakeAllThreads (Deoptimize) done
Event: 7.440 Executing VM operation: G1CollectForAllocation (G1 Evacuation Pause)
Event: 7.443 Executing VM operation: G1CollectForAllocation (G1 Evacuation Pause) done
Event: 7.546 Executing VM operation: G1CollectForAllocation (G1 Evacuation Pause)

Memory protections (0 events):
No events

Nmethod flushes (20 events):
Event: 7.008 Thread 0x0000017872e24960 flushing  nmethod 0x000001786ad88510
Event: 7.008 Thread 0x0000017872e24960 flushing  nmethod 0x000001786ad8a110
Event: 7.008 Thread 0x0000017872e24960 flushing  nmethod 0x000001786ad8a690
Event: 7.008 Thread 0x0000017872e24960 flushing  nmethod 0x000001786ad8ab90
Event: 7.008 Thread 0x0000017872e24960 flushing  nmethod 0x000001786ad8b690
Event: 7.008 Thread 0x0000017872e24960 flushing  nmethod 0x000001786ae0b690
Event: 7.008 Thread 0x0000017872e24960 flushing  nmethod 0x000001786ae0bb10
Event: 7.008 Thread 0x0000017872e24960 flushing  nmethod 0x000001786af05d90
Event: 7.008 Thread 0x0000017872e24960 flushing  nmethod 0x000001786af88b90
Event: 7.008 Thread 0x0000017872e24960 flushing  nmethod 0x000001786b009990
Event: 7.008 Thread 0x0000017872e24960 flushing  nmethod 0x000001786b0f4210
Event: 7.008 Thread 0x0000017872e24960 flushing  nmethod 0x000001786b0f4c10
Event: 7.008 Thread 0x0000017872e24960 flushing  nmethod 0x000001786ad98790
Event: 7.008 Thread 0x0000017872e24960 flushing  nmethod 0x000001786ad9a790
Event: 7.008 Thread 0x0000017872e24960 flushing  nmethod 0x000001786adf3a10
Event: 7.008 Thread 0x0000017872e24960 flushing  nmethod 0x000001786af2c010
Event: 7.008 Thread 0x0000017872e24960 flushing  nmethod 0x000001786af78190
Event: 7.008 Thread 0x0000017872e24960 flushing  nmethod 0x000001786af98190
Event: 7.008 Thread 0x0000017872e24960 flushing  nmethod 0x000001786af98790
Event: 7.008 Thread 0x0000017872e24960 flushing  nmethod 0x000001786b028890

Events (20 events):
Event: 0.051 Thread 0x0000017862482070 Thread added: 0x0000017872e4b5d0
Event: 0.051 Thread 0x0000017862482070 Thread added: 0x0000017872e4f910
Event: 0.051 Thread 0x0000017862482070 Thread added: 0x0000017872e52130
Event: 0.200 Thread 0x0000017862482070 Thread added: 0x0000017872e17b60
Event: 0.206 Thread 0x0000017872e52130 Thread added: 0x000001787710cdd0
Event: 0.207 Thread 0x0000017872e52130 Thread added: 0x0000017877125250
Event: 1.212 Thread 0x0000017877125250 Thread exited: 0x0000017877125250
Event: 1.794 Thread 0x0000017862482070 Thread added: 0x0000017877a31b70
Event: 1.794 Thread 0x0000017862482070 Thread added: 0x0000017877a321d0
Event: 1.988 Thread 0x000001787710cdd0 Thread added: 0x0000017877aa5030
Event: 2.199 Thread 0x0000017862482070 Thread added: 0x000001787809ea90
Event: 2.681 Thread 0x0000017862482070 Thread added: 0x00000178784287c0
Event: 2.686 Thread 0x00000178784287c0 Thread added: 0x00000178784ae6a0
Event: 3.066 Thread 0x00000178784ae6a0 Thread added: 0x00000178785e1990
Event: 3.073 Thread 0x00000178785e1990 Thread exited: 0x00000178785e1990
Event: 3.150 Thread 0x00000178784ae6a0 Thread added: 0x0000017878658e90
Event: 5.257 Thread 0x0000017877aa5030 Thread added: 0x0000017878a25f10
Event: 5.469 Thread 0x0000017878658e90 Thread exited: 0x0000017878658e90
Event: 5.552 Thread 0x00000178784ae6a0 Thread added: 0x0000017878bce3a0
Event: 5.638 Thread 0x0000017878bce3a0 Thread exited: 0x0000017878bce3a0


Dynamic libraries:
0x00007ff701c30000 - 0x00007ff701c3e000 	C:\Users\XUAN TRUONG\.jdks\corretto-21.0.5\bin\java.exe
0x00007ffd69850000 - 0x00007ffd69a67000 	C:\WINDOWS\SYSTEM32\ntdll.dll
0x00007ffd68050000 - 0x00007ffd68114000 	C:\WINDOWS\System32\KERNEL32.DLL
0x00007ffd66d20000 - 0x00007ffd670f1000 	C:\WINDOWS\System32\KERNELBASE.dll
0x00007ffd671a0000 - 0x00007ffd672b1000 	C:\WINDOWS\System32\ucrtbase.dll
0x00007ffd513e0000 - 0x00007ffd513f8000 	C:\Users\XUAN TRUONG\.jdks\corretto-21.0.5\bin\jli.dll
0x00007ffd68ae0000 - 0x00007ffd68c91000 	C:\WINDOWS\System32\USER32.dll
0x00007ffd66ad0000 - 0x00007ffd66af6000 	C:\WINDOWS\System32\win32u.dll
0x00007ffd67520000 - 0x00007ffd67549000 	C:\WINDOWS\System32\GDI32.dll
0x00007ffd525a0000 - 0x00007ffd525bb000 	C:\Users\XUAN TRUONG\.jdks\corretto-21.0.5\bin\VCRUNTIME140.dll
0x00007ffd67400000 - 0x00007ffd6751b000 	C:\WINDOWS\System32\gdi32full.dll
0x00007ffd67100000 - 0x00007ffd6719a000 	C:\WINDOWS\System32\msvcp_win.dll
0x00007ffd31580000 - 0x00007ffd31812000 	C:\WINDOWS\WinSxS\amd64_microsoft.windows.common-controls_6595b64144ccf1df_6.0.22621.4830_none_270fe7d773858e80\COMCTL32.dll
0x00007ffd67fa0000 - 0x00007ffd68047000 	C:\WINDOWS\System32\msvcrt.dll
0x00007ffd685f0000 - 0x00007ffd68621000 	C:\WINDOWS\System32\IMM32.DLL
0x00007ffd5bc70000 - 0x00007ffd5bc7c000 	C:\Users\XUAN TRUONG\.jdks\corretto-21.0.5\bin\vcruntime140_1.dll
0x00007ffd409f0000 - 0x00007ffd40a7d000 	C:\Users\XUAN TRUONG\.jdks\corretto-21.0.5\bin\msvcp140.dll
0x00007ffcd1d30000 - 0x00007ffcd2acd000 	C:\Users\XUAN TRUONG\.jdks\corretto-21.0.5\bin\server\jvm.dll
0x00007ffd68120000 - 0x00007ffd681d1000 	C:\WINDOWS\System32\ADVAPI32.dll
0x00007ffd693e0000 - 0x00007ffd69487000 	C:\WINDOWS\System32\sechost.dll
0x00007ffd66b00000 - 0x00007ffd66b28000 	C:\WINDOWS\System32\bcrypt.dll
0x00007ffd695d0000 - 0x00007ffd696e4000 	C:\WINDOWS\System32\RPCRT4.dll
0x00007ffd689f0000 - 0x00007ffd68a61000 	C:\WINDOWS\System32\WS2_32.dll
0x00007ffd65800000 - 0x00007ffd6584d000 	C:\WINDOWS\SYSTEM32\POWRPROF.dll
0x00007ffd5e480000 - 0x00007ffd5e4b4000 	C:\WINDOWS\SYSTEM32\WINMM.dll
0x00007ffd61340000 - 0x00007ffd6134a000 	C:\WINDOWS\SYSTEM32\VERSION.dll
0x00007ffd657e0000 - 0x00007ffd657f3000 	C:\WINDOWS\SYSTEM32\UMPDC.dll
0x00007ffd65a90000 - 0x00007ffd65aa8000 	C:\WINDOWS\SYSTEM32\kernel.appcore.dll
0x00007ffd52890000 - 0x00007ffd5289a000 	C:\Users\XUAN TRUONG\.jdks\corretto-21.0.5\bin\jimage.dll
0x00007ffd642a0000 - 0x00007ffd644d2000 	C:\WINDOWS\SYSTEM32\DBGHELP.DLL
0x00007ffd68650000 - 0x00007ffd689e0000 	C:\WINDOWS\System32\combase.dll
0x00007ffd68ca0000 - 0x00007ffd68d77000 	C:\WINDOWS\System32\OLEAUT32.dll
0x00007ffd46c20000 - 0x00007ffd46c52000 	C:\WINDOWS\SYSTEM32\dbgcore.DLL
0x00007ffd66a50000 - 0x00007ffd66acb000 	C:\WINDOWS\System32\bcryptPrimitives.dll
0x00007ffd51e50000 - 0x00007ffd51e5e000 	C:\Users\XUAN TRUONG\.jdks\corretto-21.0.5\bin\instrument.dll
0x00007ffd45b20000 - 0x00007ffd45b3f000 	C:\Users\XUAN TRUONG\.jdks\corretto-21.0.5\bin\java.dll
0x00007ffd67550000 - 0x00007ffd67dd8000 	C:\WINDOWS\System32\SHELL32.dll
0x00007ffd672c0000 - 0x00007ffd673ff000 	C:\WINDOWS\System32\wintypes.dll
0x00007ffd648b0000 - 0x00007ffd651bd000 	C:\WINDOWS\SYSTEM32\windows.storage.dll
0x00007ffd69700000 - 0x00007ffd6980a000 	C:\WINDOWS\System32\SHCORE.dll
0x00007ffd68a80000 - 0x00007ffd68ade000 	C:\WINDOWS\System32\shlwapi.dll
0x00007ffd668c0000 - 0x00007ffd668eb000 	C:\WINDOWS\SYSTEM32\profapi.dll
0x00007ffd45250000 - 0x00007ffd45268000 	C:\Users\XUAN TRUONG\.jdks\corretto-21.0.5\bin\zip.dll
0x00007ffd52860000 - 0x00007ffd52870000 	C:\Users\XUAN TRUONG\.jdks\corretto-21.0.5\bin\net.dll
0x00007ffd5f380000 - 0x00007ffd5f4ac000 	C:\WINDOWS\SYSTEM32\WINHTTP.dll
0x00007ffd65f00000 - 0x00007ffd65f6a000 	C:\WINDOWS\system32\mswsock.dll
0x00007ffd452f0000 - 0x00007ffd45306000 	C:\Users\XUAN TRUONG\.jdks\corretto-21.0.5\bin\nio.dll
0x00007ffd42a10000 - 0x00007ffd42a2a000 	C:\Program Files\JetBrains\IntelliJ IDEA 2024.1.3\bin\breakgen64.dll
0x00007ffd42a30000 - 0x00007ffd42a39000 	C:\Users\XUAN TRUONG\.jdks\corretto-21.0.5\bin\extnet.dll
0x00007ffd65440000 - 0x00007ffd65542000 	C:\WINDOWS\SYSTEM32\DNSAPI.dll
0x00007ffd65410000 - 0x00007ffd6543d000 	C:\WINDOWS\SYSTEM32\IPHLPAPI.DLL
0x00007ffd689e0000 - 0x00007ffd689e9000 	C:\WINDOWS\System32\NSI.dll
0x00007ffd5a090000 - 0x00007ffd5a09a000 	C:\Windows\System32\rasadhlp.dll
0x00007ffd5bf90000 - 0x00007ffd5c013000 	C:\WINDOWS\System32\fwpuclnt.dll
0x00007ffd457f0000 - 0x00007ffd457f9000 	C:\Users\XUAN TRUONG\.jdks\corretto-21.0.5\bin\management.dll
0x00007ffd456c0000 - 0x00007ffd456cb000 	C:\Users\XUAN TRUONG\.jdks\corretto-21.0.5\bin\management_ext.dll
0x00007ffd68a70000 - 0x00007ffd68a78000 	C:\WINDOWS\System32\PSAPI.DLL
0x00007ffd66120000 - 0x00007ffd6613b000 	C:\WINDOWS\SYSTEM32\CRYPTSP.dll
0x00007ffd659f0000 - 0x00007ffd65a27000 	C:\WINDOWS\system32\rsaenh.dll
0x00007ffd65fc0000 - 0x00007ffd65fe8000 	C:\WINDOWS\SYSTEM32\USERENV.dll
0x00007ffd66140000 - 0x00007ffd6614c000 	C:\WINDOWS\SYSTEM32\CRYPTBASE.dll
0x00007ffd44f70000 - 0x00007ffd44f87000 	C:\WINDOWS\system32\napinsp.dll
0x00007ffd44fc0000 - 0x00007ffd44fdb000 	C:\WINDOWS\system32\pnrpnsp.dll
0x00007ffd45650000 - 0x00007ffd45661000 	C:\WINDOWS\System32\winrnr.dll
0x00007ffd5c440000 - 0x00007ffd5c455000 	C:\WINDOWS\system32\wshbth.dll
0x00007ffd44fe0000 - 0x00007ffd45007000 	C:\WINDOWS\system32\nlansp_c.dll
0x00007ffd44a60000 - 0x00007ffd44a6e000 	C:\Users\XUAN TRUONG\.jdks\corretto-21.0.5\bin\sunmscapi.dll
0x00007ffd66b30000 - 0x00007ffd66c96000 	C:\WINDOWS\System32\CRYPT32.dll
0x00007ffd66330000 - 0x00007ffd6635d000 	C:\WINDOWS\SYSTEM32\ncrypt.dll
0x00007ffd662f0000 - 0x00007ffd66327000 	C:\WINDOWS\SYSTEM32\NTASN1.dll

dbghelp: loaded successfully - version: 4.0.5 - missing functions: none
symbol engine: initialized successfully - sym options: 0x614 - pdb path: .;C:\Users\XUAN TRUONG\.jdks\corretto-21.0.5\bin;C:\WINDOWS\SYSTEM32;C:\WINDOWS\WinSxS\amd64_microsoft.windows.common-controls_6595b64144ccf1df_6.0.22621.4830_none_270fe7d773858e80;C:\Users\XUAN TRUONG\.jdks\corretto-21.0.5\bin\server;C:\Program Files\JetBrains\IntelliJ IDEA 2024.1.3\bin

VM Arguments:
jvm_args: -XX:TieredStopAtLevel=1 -Dspring.output.ansi.enabled=always -Dcom.sun.management.jmxremote -Dspring.jmx.enabled=true -Dspring.liveBeansView.mbeanDomain -Dspring.application.admin.enabled=true -Dmanagement.endpoints.jmx.exposure.include=* -javaagent:C:\Program Files\JetBrains\IntelliJ IDEA 2024.1.3\lib\idea_rt.jar=53718:C:\Program Files\JetBrains\IntelliJ IDEA 2024.1.3\bin -Dfile.encoding=UTF-8 -Dsun.stdout.encoding=UTF-8 -Dsun.stderr.encoding=UTF-8 
java_command: edu.cfd.e_learningPlatform.ELearningPlatformApplication
java_class_path (initial): D:\e-learning-develop\BE\e-learningPlatform\target\classes;C:\Users\XUAN TRUONG\.m2\repository\org\springframework\boot\spring-boot-starter-web\3.2.2\spring-boot-starter-web-3.2.2.jar;C:\Users\XUAN TRUONG\.m2\repository\org\springframework\boot\spring-boot-starter\3.2.2\spring-boot-starter-3.2.2.jar;C:\Users\XUAN TRUONG\.m2\repository\org\springframework\boot\spring-boot-starter-logging\3.2.2\spring-boot-starter-logging-3.2.2.jar;C:\Users\XUAN TRUONG\.m2\repository\ch\qos\logback\logback-classic\1.4.14\logback-classic-1.4.14.jar;C:\Users\XUAN TRUONG\.m2\repository\ch\qos\logback\logback-core\1.4.14\logback-core-1.4.14.jar;C:\Users\XUAN TRUONG\.m2\repository\org\apache\logging\log4j\log4j-to-slf4j\2.21.1\log4j-to-slf4j-2.21.1.jar;C:\Users\XUAN TRUONG\.m2\repository\org\slf4j\jul-to-slf4j\2.0.11\jul-to-slf4j-2.0.11.jar;C:\Users\XUAN TRUONG\.m2\repository\jakarta\annotation\jakarta.annotation-api\2.1.1\jakarta.annotation-api-2.1.1.jar;C:\Users\XUAN TRUONG\.m2\repository\org\yaml\snakeyaml\2.2\snakeyaml-2.2.jar;C:\Users\XUAN TRUONG\.m2\repository\org\springframework\boot\spring-boot-starter-json\3.2.2\spring-boot-starter-json-3.2.2.jar;C:\Users\XUAN TRUONG\.m2\repository\com\fasterxml\jackson\datatype\jackson-datatype-jdk8\2.15.3\jackson-datatype-jdk8-2.15.3.jar;C:\Users\XUAN TRUONG\.m2\repository\com\fasterxml\jackson\module\jackson-module-parameter-names\2.15.3\jackson-module-parameter-names-2.15.3.jar;C:\Users\XUAN TRUONG\.m2\repository\org\springframework\boot\spring-boot-starter-tomcat\3.2.2\spring-boot-starter-tomcat-3.2.2.jar;C:\Users\XUAN TRUONG\.m2\repository\org\apache\tomcat\embed\tomcat-embed-core\10.1.18\tomcat-embed-core-10.1.18.jar;C:\Users\XUAN TRUONG\.m2\repository\org\apache\tomcat\embed\tomcat-embed-websocket\10.1.18\tomcat-embed-websocket-10.1.18.jar;C:\Users\XUAN TRUONG\.m2\repository\org\springframework\spring-web\6.1.3\spring-web-6.1.3.jar;C:\Users\XUAN TRUONG\.m2\repository\org\springframework\spring-beans\6.1.3\spring-beans-6.1.3.jar;C:\Users\XUAN TRUONG\.m2\repository\io\micrometer\micrometer-observation\1.12.2\micrometer-observation-1.12.2.jar;C:\Users\XUAN TRUONG\.m2\repository\io\micrometer\micrometer-commons\1.12.2\micrometer-commons-1.12.2.jar;C:\Users\XUAN TRUONG\.m2\repository\org\springframework\spring-webmvc\6.1.3\spring-webmvc-6.1.3.jar;C:\Users\XUAN TRUONG\.m2\repository\org\springframework\spring-context\6.1.3\spring-context-6.1.3.jar;C:\Users\XUAN TRUONG\.m2\repository\org\springframework\spring-expression\6.1.3\spring-expression-6.1.3.jar;C:\Users\XUAN TRUONG\.m2\repository\org\springframework\cloud\spring-cloud-starter-openfeign\4.1.1\spring-cloud-starter-openfeign-4.1.1.jar;C:\Users\XUAN TRUONG\.m2\repository\org\springframework\cloud\spring-cloud-starter\4.1.2\spring-cloud-starter-4.1.2.jar;C:\Users\XUAN TRUONG\.m2\repository\org\springframework\cloud\spring-cloud-context\4.1.2\spring-cloud-context-4.1.2.jar;C:\Users\XUAN TRUONG\.m2\repository\org\springframework\security\spring-security-rsa\1.1.2\spring-security-rsa-1.1.2.jar;C:\Users\XUAN TRUONG\.m2\repository\org\springframework\cloud\spring-cloud-openfeign-core\4.1.1\spring-cloud-openfeign-core-4.1.1.jar;C:\Users\XUAN TRUONG\.m2\repository\io\github\openfeign\form\feign-form-spring\3.8.0\feign-form-spring-3.8.0.jar;C:\Users\XUAN TRUONG\.m2\repository\io\github\openfeign\form\feign-form\3.8.0\feign-form-3.8.0.jar;C:\Users\XUAN TRUONG\.m2\repository\commons-fileupload\commons-fileupload\1.5\commons-fileupload-1.5.jar;C:\Users\XUAN TRUONG\.m2\repository\org\springframework\cloud\spring-cloud-commons\4.1.2\spring-cloud-commons-4.1.2.jar;C:\Users\XUAN TRUONG\.m2\repository\io\github\openfeign\feign-core\13.2.1\feign-core-13.2.1.jar;C:\Users\XUAN TRUONG\.m2\repository\io\github\openfeign\feign-slf4j\13.2.1\feign-slf4j-13.2.1.jar;C:\Users\XUAN TRUONG\.m2\repository\org\springframework\boot\spring-boot-starter-oauth2-resource-server\3.2.2\spring-boot-starter-oauth2-resource-server-3.2.2.jar;C:\Users\XUAN TRUONG\.m2\repository\org\springframework\security\spring-security-config\6.2.1\spring-security-config-6.2.1.jar;C:\Users\XUAN TRUONG\.m2\repository\org\springframework\security\spring-security-core\6.2.1\spring-security-core-6.2.1.jar;C:\Users\XUAN TRUONG\.m2\repository\org\springframework\security\spring-security-oauth2-resource-server\6.2.1\spring-security-oauth2-resource-server-6.2.1.jar;C:\Users\XUAN TRUONG\.m2\repository\org\springframework\security\spring-security-oauth2-core\6.2.1\spring-security-oauth2-core-6.2.1.jar;C:\Users\XUAN TRUONG\.m2\repository\org\springframework\security\spring-security-oauth2-jose\6.2.1\spring-security-oauth2-jose-6.2.1.jar;C:\Users\XUAN TRUONG\.m2\repository\com\nimbusds\nimbus-jose-jwt\9.24.4\nimbus-jose-jwt-9.24.4.jar;C:\Users\XUAN TRUONG\.m2\repository\com\github\stephenc\jcip\jcip-annotations\1.0-1\jcip-annotations-1.0-1.jar;C:\Users\XUAN TRUONG\.m2\repository\com\fasterxml\jackson\datatype\jackson-datatype-jsr310\2.15.3\jackson-datatype-jsr310-2.15.3.jar;C:\Users\XUAN TRUONG\.m2\repository\com\fasterxml\jackson\core\jackson-annotations\2.15.3\jackson-annotations-2.15.3.jar;C:\Users\XUAN TRUONG\.m2\repository\com\fasterxml\jackson\core\jackson-core\2.15.3\jackson-core-2.15.3.jar;C:\Users\XUAN TRUONG\.m2\repository\org\springframework\boot\spring-boot-starter-data-jpa\3.2.2\spring-boot-starter-data-jpa-3.2.2.jar;C:\Users\XUAN TRUONG\.m2\repository\org\springframework\boot\spring-boot-starter-aop\3.2.2\spring-boot-starter-aop-3.2.2.jar;C:\Users\XUAN TRUONG\.m2\repository\org\aspectj\aspectjweaver\1.9.21\aspectjweaver-1.9.21.jar;C:\Users\XUAN TRUONG\.m2\repository\org\springframework\boot\spring-boot-starter-jdbc\3.2.2\spring-boot-starter-jdbc-3.2.2.jar;C:\Users\XUAN TRUONG\.m2\repository\com\zaxxer\HikariCP\5.0.1\HikariCP-5.0.1.jar;C:\Users\XUAN TRUONG\.m2\repository\org\springframework\spring-jdbc\6.1.3\spring-jdbc-6.1.3.jar;C:\Users\XUAN TRUONG\.m2\repository\org\hibernate\orm\hibernate-core\6.4.1.Final\hibernate-core-6.4.1.Final.jar;C:\Users\XUAN TRUONG\.m2\repository\jakarta\persistence\jakarta.persistence-api\3.1.0\jakarta.persistence-api-3.1.0.jar;C:\Users\XUAN TRUONG\.m2\repository\jakarta\transaction\jakarta.transaction-api\2.0.1\jakarta.transaction-api-2.0.1.jar;C:\Users\XUAN TRUONG\.m2\repository\org\jboss\logging\jboss-logging\3.5.3.Final\jboss-logging-3.5.3.Final.jar;C:\Users\XUAN TRUONG\.m2\repository\org\hibernate\common\hibernate-commons-annotations\6.0.6.Final\hibernate-commons-annotations-6.0.6.Final.jar;C:\Users\XUAN TRUONG\.m2\repository\io\smallrye\jandex\3.1.2\jandex-3.1.2.jar;C:\Users\XUAN TRUONG\.m2\repository\com\fasterxml\classmate\1.6.0\classmate-1.6.0.jar;C:\Users\XUAN TRUONG\.m2\repository\net\bytebuddy\byte-buddy\1.14.11\byte-buddy-1.14.11.jar;C:\Users\XUAN TRUONG\.m2\repository\jakarta\inject\jakarta.inject-api\2.0.1\jakarta.inject-api-2.0.1.jar;C:\Users\XUAN TRUONG\.m2\repository\org\antlr\antlr4-runtime\4.13.0\antlr4-runtime-4.13.0.jar;C:\Users\XUAN TRUONG\.m2\repository\org\springframework\data\spring-data-jpa\3.2.2\spring-data-jpa-3.2.2.jar;C:\Users\XUAN TRUONG\.m2\repository\org\springframework\data\spring-data-commons\3.2.2\spring-data-commons-3.2.2.jar;C:\Users\XUAN TRUONG\.m2\repository\org\springframework\spring-orm\6.1.3\spring-orm-6.1.3.jar;C:\Users\XUAN TRUONG\.m2\repository\org\springframework\spring-tx\6.1.3\spring-tx-6.1.3.jar;C:\Users\XUAN TRUONG\.m2\repository\org\springframework\spring-aspects\6.1.3\spring-aspects-6.1.3.jar;C:\Users\XUAN TRUONG\.m2\repository\org\springframework\boot\spring-boot-starter-validation\3.2.2\spring-boot-starter-validation-3.2.2.jar;C:\Users\XUAN TRUONG\.m2\repository\org\apache\tomcat\embed\tomcat-embed-el\10.1.18\tomcat-embed-el-10.1.18.jar;C:\Users\XUAN TRUONG\.m2\repository\org\hibernate\validator\hibernate-validator\8.0.1.Final\hibernate-validator-8.0.1.Final.jar;C:\Users\XUAN TRUONG\.m2\repository\jakarta\validation\jakarta.validation-api\3.0.2\jakarta.validation-api-3.0.2.jar;C:\Users\XUAN TRUONG\.m2\repository\org\springframework\security\spring-security-crypto\6.2.1\spring-security-crypto-6.2.1.jar;C:\Users\XUAN TRUONG\.m2\repository\com\mysql\mysql-connector-j\8.3.0\mysql-connector-j-8.3.0.jar;C:\Users\XUAN TRUONG\.m2\repository\org\projectlombok\lombok\1.18.30\lombok-1.18.30.jar;C:\Users\XUAN TRUONG\.m2\repository\org\mapstruct\mapstruct\1.6.0\mapstruct-1.6.0.jar;C:\Users\XUAN TRUONG\.m2\repository\jakarta\xml\bind\jakarta.xml.bind-api\4.0.1\jakarta.xml.bind-api-4.0.1.jar;C:\Users\XUAN TRUONG\.m2\repository\jakarta\activation\jakarta.activation-api\2.1.2\jakarta.activation-api-2.1.2.jar;C:\Users\XUAN TRUONG\.m2\repository\net\minidev\json-smart\2.5.0\json-smart-2.5.0.jar;C:\Users\XUAN TRUONG\.m2\repository\net\minidev\accessors-smart\2.5.0\accessors-smart-2.5.0.jar;C:\Users\XUAN TRUONG\.m2\repository\org\springframework\spring-core\6.1.3\spring-core-6.1.3.jar;C:\Users\XUAN TRUONG\.m2\repository\org\springframework\spring-jcl\6.1.3\spring-jcl-6.1.3.jar;C:\Users\XUAN TRUONG\.m2\repository\org\springframework\boot\spring-boot-devtools\3.2.2\spring-boot-devtools-3.2.2.jar;C:\Users\XUAN TRUONG\.m2\repository\org\springframework\boot\spring-boot\3.2.2\spring-boot-3.2.2.jar;C:\Users\XUAN TRUONG\.m2\repository\org\springframework\boot\spring-boot-autoconfigure\3.2.2\spring-boot-autoconfigure-3.2.2.jar;C:\Users\XUAN TRUONG\.m2\repository\org\mapstruct\mapstruct-processor\1.6.0\mapstruct-processor-1.6.0.jar;C:\Users\XUAN TRUONG\.m2\repository\com\amazonaws\aws-java-sdk-s3\1.12.300\aws-java-sdk-s3-1.12.300.jar;C:\Users\XUAN TRUONG\.m2\repository\com\amazonaws\aws-java-sdk-kms\1.12.300\aws-java-sdk-kms-1.12.300.jar;C:\Users\XUAN TRUONG\.m2\repository\com\amazonaws\aws-java-sdk-core\1.12.300\aws-java-sdk-core-1.12.300.jar;C:\Users\XUAN TRUONG\.m2\repository\commons-logging\commons-logging\1.1.3\commons-logging-1.1.3.jar;C:\Users\XUAN TRUONG\.m2\repository\commons-codec\commons-codec\1.16.0\commons-codec-1.16.0.jar;C:\Users\XUAN TRUONG\.m2\repository\org\apache\httpcomponents\httpclient\4.5.13\httpclient-4.5.13.jar;C:\Users\XUAN TRUONG\.m2\repository\org\apache\httpcomponents\httpcore\4.4.16\httpcore-4.4.16.jar;C:\Users\XUAN TRUONG\.m2\repository\software\amazon\ion\ion-java\1.0.2\ion-java-1.0.2.jar;C:\Users\XUAN TRUONG\.m2\repository\com\fasterxml\jackson\dataformat\jackson-dataformat-cbor\2.15.3\jackson-dataformat-cbor-2.15.3.jar;C:\Users\XUAN TRUONG\.m2\repository\joda-time\joda-time\2.8.1\joda-time-2.8.1.jar;C:\Users\XUAN TRUONG\.m2\repository\com\amazonaws\jmespath-java\1.12.300\jmespath-java-1.12.300.jar;C:\Users\XUAN TRUONG\.m2\repository\org\springframework\boot\spring-boot-starter-websocket\3.2.2\spring-boot-starter-websocket-3.2.2.jar;C:\Users\XUAN TRUONG\.m2\repository\org\springframework\spring-messaging\6.1.3\spring-messaging-6.1.3.jar;C:\Users\XUAN TRUONG\.m2\repository\org\springframework\spring-websocket\6.1.3\spring-websocket-6.1.3.jar;C:\Users\XUAN TRUONG\.m2\repository\org\springframework\boot\spring-boot-starter-security\3.2.2\spring-boot-starter-security-3.2.2.jar;C:\Users\XUAN TRUONG\.m2\repository\org\springframework\spring-aop\6.1.3\spring-aop-6.1.3.jar;C:\Users\XUAN TRUONG\.m2\repository\org\springframework\security\spring-security-web\6.2.1\spring-security-web-6.2.1.jar;C:\Users\XUAN TRUONG\.m2\repository\org\springframework\boot\spring-boot-starter-mail\3.2.2\spring-boot-starter-mail-3.2.2.jar;C:\Users\XUAN TRUONG\.m2\repository\org\springframework\spring-context-support\6.1.3\spring-context-support-6.1.3.jar;C:\Users\XUAN TRUONG\.m2\repository\org\eclipse\angus\jakarta.mail\2.0.2\jakarta.mail-2.0.2.jar;C:\Users\XUAN TRUONG\.m2\repository\org\eclipse\angus\angus-activation\2.0.1\angus-activation-2.0.1.jar;C:\Users\XUAN TRUONG\.m2\repository\org\apache\tika\tika-core\2.9.2\tika-core-2.9.2.jar;C:\Users\XUAN TRUONG\.m2\repository\org\slf4j\slf4j-api\2.0.11\slf4j-api-2.0.11.jar;C:\Users\XUAN TRUONG\.m2\repository\commons-io\commons-io\2.15.1\commons-io-2.15.1.jar;C:\Users\XUAN TRUONG\.m2\repository\org\apache\tika\tika-parsers-standard-package\2.9.2\tika-parsers-standard-package-2.9.2.jar;C:\Users\XUAN TRUONG\.m2\repository\org\apache\tika\tika-parser-apple-module\2.9.2\tika-parser-apple-module-2.9.2.jar;C:\Users\XUAN TRUONG\.m2\repository\org\apache\tika\tika-parser-zip-commons\2.9.2\tika-parser-zip-commons-2.9.2.jar;C:\Users\XUAN TRUONG\.m2\repository\com\googlecode\plist\dd-plist\1.28\dd-plist-1.28.jar;C:\Users\XUAN TRUONG\.m2\repository\org\apache\tika\tika-parser-audiovideo-module\2.9.2\tika-parser-audiovideo-module-2.9.2.jar;C:\Users\XUAN TRUONG\.m2\repository\com\drewnoakes\metadata-extractor\2.19.0\metadata-extractor-2.19.0.jar;C:\Users\XUAN TRUONG\.m2\repository\com\adobe\xmp\xmpcore\6.1.11\xmpcore-6.1.11.jar;C:\Users\XUAN TRUONG\.m2\repository\org\apache\tika\tika-parser-cad-module\2.9.2\tika-parser-cad-module-2.9.2.jar;C:\Users\XUAN TRUONG\.m2\repository\org\apache\tika\tika-parser-code-module\2.9.2\tika-parser-code-module-2.9.2.jar;C:\Users\XUAN TRUONG\.m2\repository\org\codelibs\jhighlight\1.1.0\jhighlight-1.1.0.jar;C:\Users\XUAN TRUONG\.m2\repository\org\ccil\cowan\tagsoup\tagsoup\1.2.1\tagsoup-1.2.1.jar;C:\Users\XUAN TRUONG\.m2\repository\org\ow2\asm\asm\9.7\asm-9.7.jar;C:\Users\XUAN TRUONG\.m2\repository\com\epam\parso\2.0.14\parso-2.0.14.jar;C:\Users\XUAN TRUONG\.m2\repository\org\tallison\jmatio\1.5\jmatio-1.5.jar;C:\Users\XUAN TRUONG\.m2\repository\org\apache\tika\tika-parser-crypto-module\2.9.2\tika-parser-crypto-module-2.9.2.jar;C:\Users\XUAN TRUONG\.m2\repository\org\bouncycastle\bcmail-jdk18on\1.77\bcmail-jdk18on-1.77.jar;C:\Users\XUAN TRUONG\.m2\repository\org\bouncycastle\bcutil-jdk18on\1.77\bcutil-jdk18on-1.77.jar;C:\Users\XUAN TRUONG\.m2\repository\org\bouncycastle\bcpkix-jdk18on\1.77\bcpkix-jdk18on-1.77.jar;C:\Users\XUAN TRUONG\.m2\repository\org\bouncycastle\bcprov-jdk18on\1.77\bcprov-jdk18on-1.77.jar;C:\Users\XUAN TRUONG\.m2\repository\org\apache\tika\tika-parser-digest-commons\2.9.2\tika-parser-digest-commons-2.9.2.jar;C:\Users\XUAN TRUONG\.m2\repository\org\apache\tika\tika-parser-font-module\2.9.2\tika-parser-font-module-2.9.2.jar;C:\Users\XUAN TRUONG\.m2\repository\org\apache\pdfbox\fontbox\2.0.31\fontbox-2.0.31.jar;C:\Users\XUAN TRUONG\.m2\repository\org\apache\tika\tika-parser-html-module\2.9.2\tika-parser-html-module-2.9.2.jar;C:\Users\XUAN TRUONG\.m2\repository\org\apache\tika\tika-parser-image-module\2.9.2\tika-parser-image-module-2.9.2.jar;C:\Users\XUAN TRUONG\.m2\repository\com\github\jai-imageio\jai-imageio-core\1.4.0\jai-imageio-core-1.4.0.jar;C:\Users\XUAN TRUONG\.m2\repository\org\apache\pdfbox\jbig2-imageio\3.0.4\jbig2-imageio-3.0.4.jar;C:\Users\XUAN TRUONG\.m2\repository\org\apache\tika\tika-parser-mail-module\2.9.2\tika-parser-mail-module-2.9.2.jar;C:\Users\XUAN TRUONG\.m2\repository\org\apache\tika\tika-parser-mail-commons\2.9.2\tika-parser-mail-commons-2.9.2.jar;C:\Users\XUAN TRUONG\.m2\repository\org\apache\james\apache-mime4j-core\0.8.11\apache-mime4j-core-0.8.11.jar;C:\Users\XUAN TRUONG\.m2\repository\org\apache\james\apache-mime4j-dom\0.8.11\apache-mime4j-dom-0.8.11.jar;C:\Users\XUAN TRUONG\.m2\repository\org\apache\tika\tika-parser-microsoft-module\2.9.2\tika-parser-microsoft-module-2.9.2.jar;C:\Users\XUAN TRUONG\.m2\repository\com\pff\java-libpst\0.9.3\java-libpst-0.9.3.jar;C:\Users\XUAN TRUONG\.m2\repository\org\apache\commons\commons-lang3\3.13.0\commons-lang3-3.13.0.jar;C:\Users\XUAN TRUONG\.m2\repository\org\apache\poi\poi\5.2.5\poi-5.2.5.jar;C:\Users\XUAN TRUONG\.m2\repository\org\apache\commons\commons-math3\3.6.1\commons-math3-3.6.1.jar;C:\Users\XUAN TRUONG\.m2\repository\com\zaxxer\SparseBitSet\1.3\SparseBitSet-1.3.jar;C:\Users\XUAN TRUONG\.m2\repository\org\apache\logging\log4j\log4j-api\2.21.1\log4j-api-2.21.1.jar;C:\Users\XUAN TRUONG\.m2\repository\org\apache\poi\poi-scratchpad\5.2.5\poi-scratchpad-5.2.5.jar;C:\Users\XUAN TRUONG\.m2\repository\org\apache\poi\poi-ooxml\5.2.5\poi-ooxml-5.2.5.jar;C:\Users\XUAN TRUONG\.m2\repository\org\apache\poi\poi-ooxml-lite\5.2.5\poi-ooxml-lite-5.2.5.jar;C:\Users\XUAN TRUONG\.m2\repository\org\apache\xmlbeans\xmlbeans\5.2.0\xmlbeans-5.2.0.jar;C:\Users\XUAN TRUONG\.m2\repository\com\github\virtuald\curvesapi\1.08\curvesapi-1.08.jar;C:\Users\XUAN TRUONG\.m2\repository\com\healthmarketscience\jackcess\jackcess\4.0.5\jackcess-4.0.5.jar;C:\Users\XUAN TRUONG\.m2\repository\com\healthmarketscience\jackcess\jackcess-encrypt\4.0.2\jackcess-encrypt-4.0.2.jar;C:\Users\XUAN TRUONG\.m2\repository\org\slf4j\jcl-over-slf4j\2.0.11\jcl-over-slf4j-2.0.11.jar;C:\Users\XUAN TRUONG\.m2\repository\org\apache\tika\tika-parser-miscoffice-module\2.9.2\tika-parser-miscoffice-module-2.9.2.jar;C:\Users\XUAN TRUONG\.m2\repository\org\apache\commons\commons-collections4\4.4\commons-collections4-4.4.jar;C:\Users\XUAN TRUONG\.m2\repository\org\apache\tika\tika-parser-news-module\2.9.2\tika-parser-news-module-2.9.2.jar;C:\Users\XUAN TRUONG\.m2\repository\com\rometools\rome\2.1.0\rome-2.1.0.jar;C:\Users\XUAN TRUONG\.m2\repository\com\rometools\rome-utils\2.1.0\rome-utils-2.1.0.jar;C:\Users\XUAN TRUONG\.m2\repository\org\jdom\jdom2\2.0.6.1\jdom2-2.0.6.1.jar;C:\Users\XUAN TRUONG\.m2\repository\org\apache\tika\tika-parser-ocr-module\2.9.2\tika-parser-ocr-module-2.9.2.jar;C:\Users\XUAN TRUONG\.m2\repository\org\apache\commons\commons-exec\1.4.0\commons-exec-1.4.0.jar;C:\Users\XUAN TRUONG\.m2\repository\org\apache\tika\tika-parser-pdf-module\2.9.2\tika-parser-pdf-module-2.9.2.jar;C:\Users\XUAN TRUONG\.m2\repository\org\apache\pdfbox\pdfbox\2.0.31\pdfbox-2.0.31.jar;C:\Users\XUAN TRUONG\.m2\repository\org\apache\pdfbox\pdfbox-tools\2.0.31\pdfbox-tools-2.0.31.jar;C:\Users\XUAN TRUONG\.m2\repository\org\apache\pdfbox\jempbox\1.8.17\jempbox-1.8.17.jar;C:\Users\XUAN TRUONG\.m2\repository\org\apache\tika\tika-parser-pkg-module\2.9.2\tika-parser-pkg-module-2.9.2.jar;C:\Users\XUAN TRUONG\.m2\repository\org\tukaani\xz\1.9\xz-1.9.jar;C:\Users\XUAN TRUONG\.m2\repository\org\brotli\dec\0.1.2\dec-0.1.2.jar;C:\Users\XUAN TRUONG\.m2\repository\com\github\junrar\junrar\7.5.5\junrar-7.5.5.jar;C:\Users\XUAN TRUONG\.m2\repository\org\apache\tika\tika-parser-text-module\2.9.2\tika-parser-text-module-2.9.2.jar;C:\Users\XUAN TRUONG\.m2\repository\com\github\albfernandez\juniversalchardet\2.4.0\juniversalchardet-2.4.0.jar;C:\Users\XUAN TRUONG\.m2\repository\org\apache\commons\commons-csv\1.10.0\commons-csv-1.10.0.jar;C:\Users\XUAN TRUONG\.m2\repository\org\apache\tika\tika-parser-webarchive-module\2.9.2\tika-parser-webarchive-module-2.9.2.jar;C:\Users\XUAN TRUONG\.m2\repository\org\netpreserve\jwarc\0.29.0\jwarc-0.29.0.jar;C:\Users\XUAN TRUONG\.m2\repository\org\apache\commons\commons-compress\1.26.1\commons-compress-1.26.1.jar;C:\Users\XUAN TRUONG\.m2\repository\org\apache\tika\tika-parser-xml-module\2.9.2\tika-parser-xml-module-2.9.2.jar;C:\Users\XUAN TRUONG\.m2\repository\xerces\xercesImpl\2.12.2\xercesImpl-2.12.2.jar;C:\Users\XUAN TRUONG\.m2\repository\xml-apis\xml-apis\1.4.01\xml-apis-1.4.01.jar;C:\Users\XUAN TRUONG\.m2\repository\org\apache\tika\tika-parser-xmp-commons\2.9.2\tika-parser-xmp-commons-2.9.2.jar;C:\Users\XUAN TRUONG\.m2\repository\org\apache\pdfbox\xmpbox\2.0.31\xmpbox-2.0.31.jar;C:\Users\XUAN TRUONG\.m2\repository\org\gagravarr\vorbis-java-tika\0.8\vorbis-java-tika-0.8.jar;C:\Users\XUAN TRUONG\.m2\repository\org\gagravarr\vorbis-java-core\0.8\vorbis-java-core-0.8.jar;C:\Users\XUAN TRUONG\.m2\repository\javax\xml\bind\jaxb-api\2.3.1\jaxb-api-2.3.1.jar;C:\Users\XUAN TRUONG\.m2\repository\javax\activation\javax.activation-api\1.2.0\javax.activation-api-1.2.0.jar;C:\Users\XUAN TRUONG\.m2\repository\org\glassfish\jaxb\jaxb-runtime\2.3.1\jaxb-runtime-2.3.1.jar;C:\Users\XUAN TRUONG\.m2\repository\org\glassfish\jaxb\txw2\4.0.4\txw2-4.0.4.jar;C:\Users\XUAN TRUONG\.m2\repository\com\sun\istack\istack-commons-runtime\4.1.2\istack-commons-runtime-4.1.2.jar;C:\Users\XUAN TRUONG\.m2\repository\org\jvnet\staxex\stax-ex\2.1.0\stax-ex-2.1.0.jar;C:\Users\XUAN TRUONG\.m2\repository\com\sun\xml\fastinfoset\FastInfoset\2.1.0\FastInfoset-2.1.0.jar;C:\Users\XUAN TRUONG\.m2\repository\org\springframework\boot\spring-boot-starter-oauth2-client\3.2.2\spring-boot-starter-oauth2-client-3.2.2.jar;C:\Users\XUAN TRUONG\.m2\repository\org\springframework\security\spring-security-oauth2-client\6.2.1\spring-security-oauth2-client-6.2.1.jar;C:\Users\XUAN TRUONG\.m2\repository\com\nimbusds\oauth2-oidc-sdk\9.43.3\oauth2-oidc-sdk-9.43.3.jar;C:\Users\XUAN TRUONG\.m2\repository\com\nimbusds\content-type\2.2\content-type-2.2.jar;C:\Users\XUAN TRUONG\.m2\repository\com\nimbusds\lang-tag\1.7\lang-tag-1.7.jar;C:\Users\XUAN TRUONG\.m2\repository\org\springframework\boot\spring-boot-starter-oauth2-authorization-server\3.2.2\spring-boot-starter-oauth2-authorization-server-3.2.2.jar;C:\Users\XUAN TRUONG\.m2\repository\org\springframework\security\spring-security-oauth2-authorization-server\1.2.1\spring-security-oauth2-authorization-server-1.2.1.jar;C:\Users\XUAN TRUONG\.m2\repository\com\fasterxml\jackson\core\jackson-databind\2.15.3\jackson-databind-2.15.3.jar;C:\Users\XUAN TRUONG\.m2\repository\com\paypal\sdk\rest-api-sdk\1.14.0\rest-api-sdk-1.14.0.jar;C:\Users\XUAN TRUONG\.m2\repository\com\google\code\gson\gson\2.10.1\gson-2.10.1.jar;C:\Users\XUAN TRUONG\.m2\repository\com\itextpdf\itextpdf\5.5.13.4\itextpdf-5.5.13.4.jar;C:\Users\XUAN TRUONG\.m2\repository\org\xhtmlrenderer\flying-saucer-pdf-openpdf\9.1.20\flying-saucer-pdf-openpdf-9.1.20.jar;C:\Users\XUAN TRUONG\.m2\repository\com\github\librepdf\openpdf\1.3.11\openpdf-1.3.11.jar;C:\Users\XUAN TRUONG\.m2\repository\org\xhtmlrenderer\flying-saucer-core\9.1.20\flying-saucer-core-9.1.20.jar;C:\Users\XUAN TRUONG\.m2\repository\org\springframework\boot\spring-boot-starter-thymeleaf\3.2.2\spring-boot-starter-thymeleaf-3.2.2.jar;C:\Users\XUAN TRUONG\.m2\repository\org\thymeleaf\thymeleaf-spring6\3.1.2.RELEASE\thymeleaf-spring6-3.1.2.RELEASE.jar;C:\Users\XUAN TRUONG\.m2\repository\org\thymeleaf\thymeleaf\3.1.2.RELEASE\thymeleaf-3.1.2.RELEASE.jar;C:\Users\XUAN TRUONG\.m2\repository\org\attoparser\attoparser\2.0.7.RELEASE\attoparser-2.0.7.RELEASE.jar;C:\Users\XUAN TRUONG\.m2\repository\org\unbescape\unbescape\1.1.6.RELEASE\unbescape-1.1.6.RELEASE.jar
Launcher Type: SUN_STANDARD

[Global flags]
     intx CICompilerCount                          = 4                                         {product} {ergonomic}
     uint ConcGCThreads                            = 2                                         {product} {ergonomic}
     uint G1ConcRefinementThreads                  = 8                                         {product} {ergonomic}
   size_t G1HeapRegionSize                         = 1048576                                   {product} {ergonomic}
    uintx GCDrainStackTargetSize                   = 64                                        {product} {ergonomic}
   size_t InitialHeapSize                          = 132120576                                 {product} {ergonomic}
     bool ManagementServer                         = true                                      {product} {command line}
   size_t MarkStackSize                            = 4194304                                   {product} {ergonomic}
   size_t MaxHeapSize                              = 2086666240                                {product} {ergonomic}
   size_t MaxNewSize                               = 1251999744                                {product} {ergonomic}
   size_t MinHeapDeltaBytes                        = 1048576                                   {product} {ergonomic}
   size_t MinHeapSize                              = 8388608                                   {product} {ergonomic}
    uintx NonNMethodCodeHeapSize                   = 4096                                   {pd product} {ergonomic}
    uintx NonProfiledCodeHeapSize                  = 0                                      {pd product} {ergonomic}
     bool ProfileInterpreter                       = false                                  {pd product} {command line}
    uintx ProfiledCodeHeapSize                     = 0                                      {pd product} {ergonomic}
   size_t SoftMaxHeapSize                          = 2086666240                             {manageable} {ergonomic}
     intx TieredStopAtLevel                        = 1                                         {product} {command line}
     bool UseCompressedOops                        = true                           {product lp64_product} {ergonomic}
     bool UseG1GC                                  = true                                      {product} {ergonomic}
     bool UseLargePagesIndividualAllocation        = false                                  {pd product} {ergonomic}

Logging:
Log output configuration:
 #0: stdout all=warning uptime,level,tags foldmultilines=false
 #1: stderr all=off uptime,level,tags foldmultilines=false

Environment Variables:
PATH=C:\Program Files\Common Files\Oracle\Java\javapath;C:\windows\system32;C:\windows;C:\windows\System32\Wbem;C:\windows\System32\WindowsPowerShell\v1.0\;C:\windows\System32\OpenSSH\;C:\WINDOWS\system32;C:\WINDOWS;C:\WINDOWS\System32\Wbem;C:\WINDOWS\System32\WindowsPowerShell\v1.0\;C:\WINDOWS\System32\OpenSSH\;C:\Program Files\Microsoft SQL Server\Client SDK\ODBC\130\Tools\Binn\;C:\Program Files (x86)\Microsoft SQL Server\140\Tools\Binn\;C:\Program Files\Microsoft SQL Server\140\Tools\Binn\;C:\Program Files\Microsoft SQL Server\140\DTS\Binn\;C:\Program Files\Microsoft SQL Server\Client SDK\ODBC\170\Tools\Binn\;C:\Program Files (x86)\Microsoft SQL Server\160\Tools\Binn\;C:\Program Files\Microsoft SQL Server\160\Tools\Binn\;C:\Program Files\Microsoft SQL Server\160\DTS\Binn\;C:\Program Files (x86)\Microsoft SQL Server\160\DTS\Binn\;C:\Program Files\HP\HP One Agent;C:\Program Files\nodejs\;C:\Program Files\Git\cmd;C:\Program Files\Docker\Docker\resources\bin;C:\Users\XUAN TRUONG\AppData\Local\Microsoft\WindowsApps;C:\Users\XUAN TRUONG\AppData\Local\Programs\Microsoft VS Code\bin;C:\Program Files\Azure Data Studio\bin;C:\Program Files\Azure Data Studio\bin;C:\Program Files\Azure Data Studio\bin;D:\fpoly\IntelliJ IDEA 2024.1.3\bin;;C:\Users\XUAN TRUONG\AppData\Local\Microsoft\WinGet\Packages\Schniz.fnm_Microsoft.Winget.Source_8wekyb3d8bbwe;C:\Users\XUAN TRUONG\AppData\Roaming\npm
USERNAME=XUAN TRUONG
OS=Windows_NT
PROCESSOR_IDENTIFIER=Intel64 Family 6 Model 140 Stepping 1, GenuineIntel
TMP=C:\Users\XUANTR~1\AppData\Local\Temp
TEMP=C:\Users\XUANTR~1\AppData\Local\Temp




Periodic native trim disabled

---------------  S Y S T E M  ---------------

OS:
 Windows 11 , 64 bit Build 22621 (10.0.22621.4974)
OS uptime: 0 days 3:10 hours
Hyper-V role detected

CPU: total 8 (initial active 8) (4 cores per cpu, 2 threads per core) family 6 model 140 stepping 1 microcode 0xac, cx8, cmov, fxsr, ht, mmx, 3dnowpref, sse, sse2, sse3, ssse3, sse4.1, sse4.2, popcnt, lzcnt, tsc, tscinvbit, avx, avx2, aes, erms, clmul, bmi1, bmi2, adx, avx512f, avx512dq, avx512cd, avx512bw, avx512vl, sha, fma, vzeroupper, avx512_vpopcntdq, avx512_vpclmulqdq, avx512_vaes, avx512_vnni, clflush, clflushopt, clwb, avx512_vbmi2, avx512_vbmi, hv, rdtscp, rdpid, fsrm, gfni, avx512_bitalg, f16c, cet_ibt, cet_ss, avx512_ifma
Processor Information for all 8 processors :
  Max Mhz: 2419, Current Mhz: 2419, Mhz Limit: 2419

Memory: 4k page, system-wide physical 7957M (340M free)
TotalPageFile size 20127M (AvailPageFile size 8M)
current process WorkingSet (physical memory assigned to process): 166M, peak: 166M
current process commit charge ("private bytes"): 212M, peak: 247M

vm_info: OpenJDK 64-Bit Server VM (21.0.5+11-LTS) for windows-amd64 JRE (21.0.5+11-LTS), built on 2024-10-11T20:58:34Z by "Administrator" with MS VC++ 16.10 / 16.11 (VS2019)

END.
